[2025-06-28 20:27:16,870] INFO: ================================================================================
[2025-06-28 20:27:16,870] INFO: Starting data fix and upload process (v2)
[2025-06-28 20:27:16,870] INFO: ================================================================================
[2025-06-28 20:27:16,992] INFO: Connected to Supabase at https://frqnggeoptaoosxkozsl.supabase.co
[2025-06-28 20:27:16,992] INFO: 
============================================================
[2025-06-28 20:27:16,993] INFO: Step 1: Uploading universe table
[2025-06-28 20:27:16,993] INFO: ============================================================
[2025-06-28 20:27:17,076] INFO: Loaded 32223 rows from universe parquet
[2025-06-28 20:27:17,152] ERROR: Failed to upload batch 1: Out of range float values are not JSON compliant
[2025-06-28 20:27:17,152] ERROR: Failed to upload batch 2: Out of range float values are not JSON compliant
[2025-06-28 20:27:17,152] ERROR: Failed to upload batch 3: Out of range float values are not JSON compliant
[2025-06-28 20:27:17,169] ERROR: Failed to upload batch 4: Out of range float values are not JSON compliant
[2025-06-28 20:27:17,173] ERROR: Failed to upload batch 5: Out of range float values are not JSON compliant
[2025-06-28 20:27:17,177] ERROR: Failed to upload batch 6: Out of range float values are not JSON compliant
[2025-06-28 20:27:17,181] ERROR: Failed to upload batch 7: Out of range float values are not JSON compliant
[2025-06-28 20:27:17,186] ERROR: Failed to upload batch 8: Out of range float values are not JSON compliant
[2025-06-28 20:27:17,190] ERROR: Failed to upload batch 9: Out of range float values are not JSON compliant
[2025-06-28 20:27:17,190] ERROR: Failed to upload batch 10: Out of range float values are not JSON compliant
[2025-06-28 20:27:17,190] ERROR: Failed to upload batch 11: Out of range float values are not JSON compliant
[2025-06-28 20:27:17,203] ERROR: Failed to upload batch 12: Out of range float values are not JSON compliant
[2025-06-28 20:27:17,209] ERROR: Failed to upload batch 13: Out of range float values are not JSON compliant
[2025-06-28 20:27:17,213] ERROR: Failed to upload batch 14: Out of range float values are not JSON compliant
[2025-06-28 20:27:17,218] ERROR: Failed to upload batch 15: Out of range float values are not JSON compliant
[2025-06-28 20:27:17,221] ERROR: Failed to upload batch 16: Out of range float values are not JSON compliant
[2025-06-28 20:27:17,225] ERROR: Failed to upload batch 17: Out of range float values are not JSON compliant
[2025-06-28 20:27:17,229] ERROR: Failed to upload batch 18: Out of range float values are not JSON compliant
[2025-06-28 20:27:17,233] ERROR: Failed to upload batch 19: Out of range float values are not JSON compliant
[2025-06-28 20:27:17,237] ERROR: Failed to upload batch 20: Out of range float values are not JSON compliant
[2025-06-28 20:27:17,241] ERROR: Failed to upload batch 21: Out of range float values are not JSON compliant
[2025-06-28 20:27:17,245] ERROR: Failed to upload batch 22: Out of range float values are not JSON compliant
[2025-06-28 20:27:17,248] ERROR: Failed to upload batch 23: Out of range float values are not JSON compliant
[2025-06-28 20:27:17,252] ERROR: Failed to upload batch 24: Out of range float values are not JSON compliant
[2025-06-28 20:27:17,256] ERROR: Failed to upload batch 25: Out of range float values are not JSON compliant
[2025-06-28 20:27:17,260] ERROR: Failed to upload batch 26: Out of range float values are not JSON compliant
[2025-06-28 20:27:17,264] ERROR: Failed to upload batch 27: Out of range float values are not JSON compliant
[2025-06-28 20:27:17,267] ERROR: Failed to upload batch 28: Out of range float values are not JSON compliant
[2025-06-28 20:27:17,271] ERROR: Failed to upload batch 29: Out of range float values are not JSON compliant
[2025-06-28 20:27:17,273] ERROR: Failed to upload batch 30: Out of range float values are not JSON compliant
[2025-06-28 20:27:17,273] ERROR: Failed to upload batch 31: Out of range float values are not JSON compliant
[2025-06-28 20:27:17,282] ERROR: Failed to upload batch 32: Out of range float values are not JSON compliant
[2025-06-28 20:27:17,284] ERROR: Failed to upload batch 33: Out of range float values are not JSON compliant
[2025-06-28 20:27:17,289] ERROR: Failed to upload batch 34: Out of range float values are not JSON compliant
[2025-06-28 20:27:17,292] ERROR: Failed to upload batch 35: Out of range float values are not JSON compliant
[2025-06-28 20:27:17,295] ERROR: Failed to upload batch 36: Out of range float values are not JSON compliant
[2025-06-28 20:27:17,300] ERROR: Failed to upload batch 37: Out of range float values are not JSON compliant
[2025-06-28 20:27:17,303] ERROR: Failed to upload batch 38: Out of range float values are not JSON compliant
[2025-06-28 20:27:17,308] ERROR: Failed to upload batch 39: Out of range float values are not JSON compliant
[2025-06-28 20:27:17,311] ERROR: Failed to upload batch 40: Out of range float values are not JSON compliant
[2025-06-28 20:27:17,311] ERROR: Failed to upload batch 41: Out of range float values are not JSON compliant
[2025-06-28 20:27:17,320] ERROR: Failed to upload batch 42: Out of range float values are not JSON compliant
[2025-06-28 20:27:17,323] ERROR: Failed to upload batch 43: Out of range float values are not JSON compliant
[2025-06-28 20:27:17,327] ERROR: Failed to upload batch 44: Out of range float values are not JSON compliant
[2025-06-28 20:27:17,331] ERROR: Failed to upload batch 45: Out of range float values are not JSON compliant
[2025-06-28 20:27:17,336] ERROR: Failed to upload batch 46: Out of range float values are not JSON compliant
[2025-06-28 20:27:17,340] ERROR: Failed to upload batch 47: Out of range float values are not JSON compliant
[2025-06-28 20:27:17,342] ERROR: Failed to upload batch 48: Out of range float values are not JSON compliant
[2025-06-28 20:27:17,348] ERROR: Failed to upload batch 49: Out of range float values are not JSON compliant
[2025-06-28 20:27:17,353] ERROR: Failed to upload batch 50: Out of range float values are not JSON compliant
[2025-06-28 20:27:17,358] ERROR: Failed to upload batch 51: Out of range float values are not JSON compliant
[2025-06-28 20:27:17,362] ERROR: Failed to upload batch 52: Out of range float values are not JSON compliant
[2025-06-28 20:27:17,366] ERROR: Failed to upload batch 53: Out of range float values are not JSON compliant
[2025-06-28 20:27:17,369] ERROR: Failed to upload batch 54: Out of range float values are not JSON compliant
[2025-06-28 20:27:17,374] ERROR: Failed to upload batch 55: Out of range float values are not JSON compliant
[2025-06-28 20:27:17,377] ERROR: Failed to upload batch 56: Out of range float values are not JSON compliant
[2025-06-28 20:27:17,377] ERROR: Failed to upload batch 57: Out of range float values are not JSON compliant
[2025-06-28 20:27:17,386] ERROR: Failed to upload batch 58: Out of range float values are not JSON compliant
[2025-06-28 20:27:17,391] ERROR: Failed to upload batch 59: Out of range float values are not JSON compliant
[2025-06-28 20:27:17,395] ERROR: Failed to upload batch 60: Out of range float values are not JSON compliant
[2025-06-28 20:27:17,401] ERROR: Failed to upload batch 61: Out of range float values are not JSON compliant
[2025-06-28 20:27:17,987] INFO: HTTP Request: POST https://frqnggeoptaoosxkozsl.supabase.co/rest/v1/universe?columns=%22credit_rating%22%2C%22isin%22%2C%22date%22%2C%22currency%22%2C%22security%22%2C%22company_symbol%22%2C%22cusip%22%2C%22bloomberg_cusip%22%2C%22maturity_date%22%2C%22face_value_outstanding%22%2C%22security_type%22%2C%22coupon%22%2C%22created_at%22%2C%22updated_at%22%2C%22issuer_name%22%2C%22benchmark_maturity_date%22%2C%22pct_of_outstanding%22%2C%22benchmark_cusip%22 "HTTP/2 409 Conflict"
[2025-06-28 20:27:17,987] ERROR: Failed to upload batch 62: {'message': 'duplicate key value violates unique constraint "universe_pkey"', 'code': '23505', 'hint': None, 'details': 'Key (date, cusip)=(2025-06-26, 29250NBF1) already exists.'}
[2025-06-28 20:27:18,006] ERROR: Failed to upload batch 63: Out of range float values are not JSON compliant
[2025-06-28 20:27:18,138] INFO: HTTP Request: POST https://frqnggeoptaoosxkozsl.supabase.co/rest/v1/universe?columns=%22credit_rating%22%2C%22isin%22%2C%22date%22%2C%22currency%22%2C%22security%22%2C%22company_symbol%22%2C%22cusip%22%2C%22bloomberg_cusip%22%2C%22maturity_date%22%2C%22face_value_outstanding%22%2C%22security_type%22%2C%22coupon%22%2C%22created_at%22%2C%22updated_at%22%2C%22issuer_name%22%2C%22benchmark_maturity_date%22%2C%22pct_of_outstanding%22%2C%22benchmark_cusip%22 "HTTP/2 409 Conflict"
[2025-06-28 20:27:18,138] ERROR: Failed to upload batch 64: {'message': 'duplicate key value violates unique constraint "universe_pkey"', 'code': '23505', 'hint': None, 'details': 'Key (date, cusip)=(2025-06-26, 136765BX1) already exists.'}
[2025-06-28 20:27:18,298] INFO: HTTP Request: POST https://frqnggeoptaoosxkozsl.supabase.co/rest/v1/universe?columns=%22credit_rating%22%2C%22isin%22%2C%22date%22%2C%22currency%22%2C%22security%22%2C%22company_symbol%22%2C%22cusip%22%2C%22bloomberg_cusip%22%2C%22maturity_date%22%2C%22face_value_outstanding%22%2C%22security_type%22%2C%22coupon%22%2C%22created_at%22%2C%22updated_at%22%2C%22issuer_name%22%2C%22benchmark_maturity_date%22%2C%22pct_of_outstanding%22%2C%22benchmark_cusip%22 "HTTP/2 201 Created"
[2025-06-28 20:27:18,302] INFO: Uploaded batch 65: 223 rows
[2025-06-28 20:27:18,302] INFO: ✅ Universe: Uploaded 223 rows
[2025-06-28 20:27:18,302] INFO: 
============================================================
[2025-06-28 20:27:18,302] INFO: Step 2: Uploading portfolio table
[2025-06-28 20:27:18,302] INFO: ============================================================
[2025-06-28 20:27:18,310] INFO: Loaded 1937 rows from portfolio parquet
[2025-06-28 20:27:18,446] INFO: HTTP Request: POST https://frqnggeoptaoosxkozsl.supabase.co/rest/v1/portfolio?columns=%22position_cr01%22%2C%22date%22%2C%22value_pct_nav%22%2C%22security_type%22%2C%22created_at%22%2C%22funding_status%22%2C%22modified_duration%22%2C%22security_cr01%22%2C%22spread_calculated%22%2C%22security%22%2C%22underlying_cusip%22%2C%22cusip%22%2C%22face_value%22%2C%22account%22%2C%22position_pvbp%22%2C%22benchmark_yield%22%2C%22security_classification%22%2C%22quantity%22%2C%22maturity_bucket%22%2C%22security_pvbp%22%2C%22oas_bloomberg%22%2C%22price%22%2C%22strategy%22%2C%22updated_at%22%2C%22yield_to_mat%22%2C%22underlying_security%22%2C%22trade_group%22%2C%22portfolio%22%2C%22yield_calc%22 "HTTP/2 400 Bad Request"
[2025-06-28 20:27:18,447] ERROR: Failed to upload batch 1: {'message': "Could not find the 'updated_at' column of 'portfolio' in the schema cache", 'code': 'PGRST204', 'hint': None, 'details': None}
[2025-06-28 20:27:18,580] INFO: HTTP Request: POST https://frqnggeoptaoosxkozsl.supabase.co/rest/v1/portfolio?columns=%22position_cr01%22%2C%22date%22%2C%22value_pct_nav%22%2C%22security_type%22%2C%22created_at%22%2C%22funding_status%22%2C%22modified_duration%22%2C%22security_cr01%22%2C%22spread_calculated%22%2C%22security%22%2C%22underlying_cusip%22%2C%22cusip%22%2C%22face_value%22%2C%22account%22%2C%22position_pvbp%22%2C%22benchmark_yield%22%2C%22security_classification%22%2C%22quantity%22%2C%22maturity_bucket%22%2C%22security_pvbp%22%2C%22oas_bloomberg%22%2C%22price%22%2C%22strategy%22%2C%22updated_at%22%2C%22yield_to_mat%22%2C%22underlying_security%22%2C%22trade_group%22%2C%22portfolio%22%2C%22yield_calc%22 "HTTP/2 400 Bad Request"
[2025-06-28 20:27:18,581] ERROR: Failed to upload batch 2: {'message': "Could not find the 'updated_at' column of 'portfolio' in the schema cache", 'code': 'PGRST204', 'hint': None, 'details': None}
[2025-06-28 20:27:19,085] INFO: HTTP Request: POST https://frqnggeoptaoosxkozsl.supabase.co/rest/v1/portfolio?columns=%22position_cr01%22%2C%22date%22%2C%22value_pct_nav%22%2C%22security_type%22%2C%22created_at%22%2C%22funding_status%22%2C%22modified_duration%22%2C%22security_cr01%22%2C%22spread_calculated%22%2C%22security%22%2C%22underlying_cusip%22%2C%22cusip%22%2C%22face_value%22%2C%22account%22%2C%22position_pvbp%22%2C%22benchmark_yield%22%2C%22security_classification%22%2C%22quantity%22%2C%22maturity_bucket%22%2C%22security_pvbp%22%2C%22oas_bloomberg%22%2C%22price%22%2C%22strategy%22%2C%22updated_at%22%2C%22yield_to_mat%22%2C%22underlying_security%22%2C%22trade_group%22%2C%22portfolio%22%2C%22yield_calc%22 "HTTP/2 400 Bad Request"
[2025-06-28 20:27:19,090] ERROR: Failed to upload batch 3: {'message': "Could not find the 'updated_at' column of 'portfolio' in the schema cache", 'code': 'PGRST204', 'hint': None, 'details': None}
[2025-06-28 20:27:19,188] INFO: HTTP Request: POST https://frqnggeoptaoosxkozsl.supabase.co/rest/v1/portfolio?columns=%22position_cr01%22%2C%22date%22%2C%22value_pct_nav%22%2C%22security_type%22%2C%22created_at%22%2C%22funding_status%22%2C%22modified_duration%22%2C%22security_cr01%22%2C%22spread_calculated%22%2C%22security%22%2C%22underlying_cusip%22%2C%22cusip%22%2C%22face_value%22%2C%22account%22%2C%22position_pvbp%22%2C%22benchmark_yield%22%2C%22security_classification%22%2C%22quantity%22%2C%22maturity_bucket%22%2C%22security_pvbp%22%2C%22oas_bloomberg%22%2C%22price%22%2C%22strategy%22%2C%22updated_at%22%2C%22yield_to_mat%22%2C%22underlying_security%22%2C%22trade_group%22%2C%22portfolio%22%2C%22yield_calc%22 "HTTP/2 400 Bad Request"
[2025-06-28 20:27:19,188] ERROR: Failed to upload batch 4: {'message': "Could not find the 'updated_at' column of 'portfolio' in the schema cache", 'code': 'PGRST204', 'hint': None, 'details': None}
[2025-06-28 20:27:19,203] INFO: ✅ Portfolio: Uploaded 0 rows
[2025-06-28 20:27:19,203] INFO: 
============================================================
[2025-06-28 20:27:19,203] INFO: Step 3: Uploading runs table
[2025-06-28 20:27:19,203] INFO: ============================================================
[2025-06-28 20:27:19,354] INFO: Loaded 323502 rows from runs parquet
[2025-06-28 20:27:19,672] INFO: Filtering runs to only include cusips that exist in universe table...
[2025-06-28 20:27:19,735] INFO: HTTP Request: GET https://frqnggeoptaoosxkozsl.supabase.co/rest/v1/universe?select=cusip "HTTP/2 200 OK"
[2025-06-28 20:27:19,763] INFO: Filtered to 27882 rows with valid cusips
[2025-06-28 20:27:19,856] INFO: HTTP Request: POST https://frqnggeoptaoosxkozsl.supabase.co/rest/v1/runs?columns=%22trade_date%22%2C%22date%22%2C%22security%22%2C%22price%22%2C%22cusip%22%2C%22trade_type%22%2C%22settlement_date%22%2C%22benchmark%22%2C%22maturity_date%22%2C%22created_at%22%2C%22duration%22%2C%22quantity%22%2C%22yield_value%22%2C%22spread%22%2C%22reference_security%22%2C%22dv01%22%2C%22dealer%22 "HTTP/2 400 Bad Request"
[2025-06-28 20:27:19,856] ERROR: Failed to upload batch 1: {'message': 'value too long for type character varying(50)', 'code': '22001', 'hint': None, 'details': None}
[2025-06-28 20:27:20,034] INFO: HTTP Request: POST https://frqnggeoptaoosxkozsl.supabase.co/rest/v1/runs?columns=%22trade_date%22%2C%22date%22%2C%22security%22%2C%22price%22%2C%22cusip%22%2C%22trade_type%22%2C%22settlement_date%22%2C%22benchmark%22%2C%22maturity_date%22%2C%22created_at%22%2C%22duration%22%2C%22quantity%22%2C%22yield_value%22%2C%22spread%22%2C%22reference_security%22%2C%22dv01%22%2C%22dealer%22 "HTTP/2 201 Created"
[2025-06-28 20:27:20,036] INFO: Uploaded batch 2: 500 rows
[2025-06-28 20:27:20,179] INFO: HTTP Request: POST https://frqnggeoptaoosxkozsl.supabase.co/rest/v1/runs?columns=%22trade_date%22%2C%22date%22%2C%22security%22%2C%22price%22%2C%22cusip%22%2C%22trade_type%22%2C%22settlement_date%22%2C%22benchmark%22%2C%22maturity_date%22%2C%22created_at%22%2C%22duration%22%2C%22quantity%22%2C%22yield_value%22%2C%22spread%22%2C%22reference_security%22%2C%22dv01%22%2C%22dealer%22 "HTTP/2 201 Created"
[2025-06-28 20:27:20,190] INFO: Uploaded batch 3: 500 rows
[2025-06-28 20:27:20,322] INFO: HTTP Request: POST https://frqnggeoptaoosxkozsl.supabase.co/rest/v1/runs?columns=%22trade_date%22%2C%22date%22%2C%22security%22%2C%22price%22%2C%22cusip%22%2C%22trade_type%22%2C%22settlement_date%22%2C%22benchmark%22%2C%22maturity_date%22%2C%22created_at%22%2C%22duration%22%2C%22quantity%22%2C%22yield_value%22%2C%22spread%22%2C%22reference_security%22%2C%22dv01%22%2C%22dealer%22 "HTTP/2 201 Created"
[2025-06-28 20:27:20,325] INFO: Uploaded batch 4: 500 rows
[2025-06-28 20:27:20,518] INFO: HTTP Request: POST https://frqnggeoptaoosxkozsl.supabase.co/rest/v1/runs?columns=%22trade_date%22%2C%22date%22%2C%22security%22%2C%22price%22%2C%22cusip%22%2C%22trade_type%22%2C%22settlement_date%22%2C%22benchmark%22%2C%22maturity_date%22%2C%22created_at%22%2C%22duration%22%2C%22quantity%22%2C%22yield_value%22%2C%22spread%22%2C%22reference_security%22%2C%22dv01%22%2C%22dealer%22 "HTTP/2 201 Created"
[2025-06-28 20:27:20,521] INFO: Uploaded batch 5: 500 rows
[2025-06-28 20:27:20,585] INFO: HTTP Request: POST https://frqnggeoptaoosxkozsl.supabase.co/rest/v1/runs?columns=%22trade_date%22%2C%22date%22%2C%22security%22%2C%22price%22%2C%22cusip%22%2C%22trade_type%22%2C%22settlement_date%22%2C%22benchmark%22%2C%22maturity_date%22%2C%22created_at%22%2C%22duration%22%2C%22quantity%22%2C%22yield_value%22%2C%22spread%22%2C%22reference_security%22%2C%22dv01%22%2C%22dealer%22 "HTTP/2 400 Bad Request"
[2025-06-28 20:27:20,587] ERROR: Failed to upload batch 6: {'message': 'value too long for type character varying(50)', 'code': '22001', 'hint': None, 'details': None}
[2025-06-28 20:27:20,649] INFO: HTTP Request: POST https://frqnggeoptaoosxkozsl.supabase.co/rest/v1/runs?columns=%22trade_date%22%2C%22date%22%2C%22security%22%2C%22price%22%2C%22cusip%22%2C%22trade_type%22%2C%22settlement_date%22%2C%22benchmark%22%2C%22maturity_date%22%2C%22created_at%22%2C%22duration%22%2C%22quantity%22%2C%22yield_value%22%2C%22spread%22%2C%22reference_security%22%2C%22dv01%22%2C%22dealer%22 "HTTP/2 400 Bad Request"
[2025-06-28 20:27:20,650] ERROR: Failed to upload batch 7: {'message': 'value too long for type character varying(50)', 'code': '22001', 'hint': None, 'details': None}
[2025-06-28 20:27:20,812] INFO: HTTP Request: POST https://frqnggeoptaoosxkozsl.supabase.co/rest/v1/runs?columns=%22trade_date%22%2C%22date%22%2C%22security%22%2C%22price%22%2C%22cusip%22%2C%22trade_type%22%2C%22settlement_date%22%2C%22benchmark%22%2C%22maturity_date%22%2C%22created_at%22%2C%22duration%22%2C%22quantity%22%2C%22yield_value%22%2C%22spread%22%2C%22reference_security%22%2C%22dv01%22%2C%22dealer%22 "HTTP/2 201 Created"
[2025-06-28 20:27:20,822] INFO: Uploaded batch 8: 500 rows
[2025-06-28 20:27:20,906] INFO: HTTP Request: POST https://frqnggeoptaoosxkozsl.supabase.co/rest/v1/runs?columns=%22trade_date%22%2C%22date%22%2C%22security%22%2C%22price%22%2C%22cusip%22%2C%22trade_type%22%2C%22settlement_date%22%2C%22benchmark%22%2C%22maturity_date%22%2C%22created_at%22%2C%22duration%22%2C%22quantity%22%2C%22yield_value%22%2C%22spread%22%2C%22reference_security%22%2C%22dv01%22%2C%22dealer%22 "HTTP/2 400 Bad Request"
[2025-06-28 20:27:20,907] ERROR: Failed to upload batch 9: {'message': 'value too long for type character varying(50)', 'code': '22001', 'hint': None, 'details': None}
[2025-06-28 20:27:20,958] INFO: HTTP Request: POST https://frqnggeoptaoosxkozsl.supabase.co/rest/v1/runs?columns=%22trade_date%22%2C%22date%22%2C%22security%22%2C%22price%22%2C%22cusip%22%2C%22trade_type%22%2C%22settlement_date%22%2C%22benchmark%22%2C%22maturity_date%22%2C%22created_at%22%2C%22duration%22%2C%22quantity%22%2C%22yield_value%22%2C%22spread%22%2C%22reference_security%22%2C%22dv01%22%2C%22dealer%22 "HTTP/2 400 Bad Request"
[2025-06-28 20:27:20,959] ERROR: Failed to upload batch 10: {'message': 'value too long for type character varying(50)', 'code': '22001', 'hint': None, 'details': None}
[2025-06-28 20:27:21,013] INFO: HTTP Request: POST https://frqnggeoptaoosxkozsl.supabase.co/rest/v1/runs?columns=%22trade_date%22%2C%22date%22%2C%22security%22%2C%22price%22%2C%22cusip%22%2C%22trade_type%22%2C%22settlement_date%22%2C%22benchmark%22%2C%22maturity_date%22%2C%22created_at%22%2C%22duration%22%2C%22quantity%22%2C%22yield_value%22%2C%22spread%22%2C%22reference_security%22%2C%22dv01%22%2C%22dealer%22 "HTTP/2 400 Bad Request"
[2025-06-28 20:27:21,013] ERROR: Failed to upload batch 11: {'message': 'value too long for type character varying(50)', 'code': '22001', 'hint': None, 'details': None}
[2025-06-28 20:27:21,082] INFO: HTTP Request: POST https://frqnggeoptaoosxkozsl.supabase.co/rest/v1/runs?columns=%22trade_date%22%2C%22date%22%2C%22security%22%2C%22price%22%2C%22cusip%22%2C%22trade_type%22%2C%22settlement_date%22%2C%22benchmark%22%2C%22maturity_date%22%2C%22created_at%22%2C%22duration%22%2C%22quantity%22%2C%22yield_value%22%2C%22spread%22%2C%22reference_security%22%2C%22dv01%22%2C%22dealer%22 "HTTP/2 400 Bad Request"
[2025-06-28 20:27:21,083] ERROR: Failed to upload batch 12: {'message': 'value too long for type character varying(50)', 'code': '22001', 'hint': None, 'details': None}
[2025-06-28 20:27:21,142] INFO: HTTP Request: POST https://frqnggeoptaoosxkozsl.supabase.co/rest/v1/runs?columns=%22trade_date%22%2C%22date%22%2C%22security%22%2C%22price%22%2C%22cusip%22%2C%22trade_type%22%2C%22settlement_date%22%2C%22benchmark%22%2C%22maturity_date%22%2C%22created_at%22%2C%22duration%22%2C%22quantity%22%2C%22yield_value%22%2C%22spread%22%2C%22reference_security%22%2C%22dv01%22%2C%22dealer%22 "HTTP/2 400 Bad Request"
[2025-06-28 20:27:21,143] ERROR: Failed to upload batch 13: {'message': 'value too long for type character varying(50)', 'code': '22001', 'hint': None, 'details': None}
[2025-06-28 20:27:21,205] INFO: HTTP Request: POST https://frqnggeoptaoosxkozsl.supabase.co/rest/v1/runs?columns=%22trade_date%22%2C%22date%22%2C%22security%22%2C%22price%22%2C%22cusip%22%2C%22trade_type%22%2C%22settlement_date%22%2C%22benchmark%22%2C%22maturity_date%22%2C%22created_at%22%2C%22duration%22%2C%22quantity%22%2C%22yield_value%22%2C%22spread%22%2C%22reference_security%22%2C%22dv01%22%2C%22dealer%22 "HTTP/2 400 Bad Request"
[2025-06-28 20:27:21,206] ERROR: Failed to upload batch 14: {'message': 'value too long for type character varying(50)', 'code': '22001', 'hint': None, 'details': None}
[2025-06-28 20:27:21,322] INFO: HTTP Request: POST https://frqnggeoptaoosxkozsl.supabase.co/rest/v1/runs?columns=%22trade_date%22%2C%22date%22%2C%22security%22%2C%22price%22%2C%22cusip%22%2C%22trade_type%22%2C%22settlement_date%22%2C%22benchmark%22%2C%22maturity_date%22%2C%22created_at%22%2C%22duration%22%2C%22quantity%22%2C%22yield_value%22%2C%22spread%22%2C%22reference_security%22%2C%22dv01%22%2C%22dealer%22 "HTTP/2 201 Created"
[2025-06-28 20:27:21,325] INFO: Uploaded batch 15: 500 rows
[2025-06-28 20:27:21,426] INFO: HTTP Request: POST https://frqnggeoptaoosxkozsl.supabase.co/rest/v1/runs?columns=%22trade_date%22%2C%22date%22%2C%22security%22%2C%22price%22%2C%22cusip%22%2C%22trade_type%22%2C%22settlement_date%22%2C%22benchmark%22%2C%22maturity_date%22%2C%22created_at%22%2C%22duration%22%2C%22quantity%22%2C%22yield_value%22%2C%22spread%22%2C%22reference_security%22%2C%22dv01%22%2C%22dealer%22 "HTTP/2 201 Created"
[2025-06-28 20:27:21,429] INFO: Uploaded batch 16: 500 rows
[2025-06-28 20:27:21,546] INFO: HTTP Request: POST https://frqnggeoptaoosxkozsl.supabase.co/rest/v1/runs?columns=%22trade_date%22%2C%22date%22%2C%22security%22%2C%22price%22%2C%22cusip%22%2C%22trade_type%22%2C%22settlement_date%22%2C%22benchmark%22%2C%22maturity_date%22%2C%22created_at%22%2C%22duration%22%2C%22quantity%22%2C%22yield_value%22%2C%22spread%22%2C%22reference_security%22%2C%22dv01%22%2C%22dealer%22 "HTTP/2 201 Created"
[2025-06-28 20:27:21,552] INFO: Uploaded batch 17: 500 rows
[2025-06-28 20:27:21,622] INFO: HTTP Request: POST https://frqnggeoptaoosxkozsl.supabase.co/rest/v1/runs?columns=%22trade_date%22%2C%22date%22%2C%22security%22%2C%22price%22%2C%22cusip%22%2C%22trade_type%22%2C%22settlement_date%22%2C%22benchmark%22%2C%22maturity_date%22%2C%22created_at%22%2C%22duration%22%2C%22quantity%22%2C%22yield_value%22%2C%22spread%22%2C%22reference_security%22%2C%22dv01%22%2C%22dealer%22 "HTTP/2 400 Bad Request"
[2025-06-28 20:27:21,623] ERROR: Failed to upload batch 18: {'message': 'value too long for type character varying(50)', 'code': '22001', 'hint': None, 'details': None}
[2025-06-28 20:27:21,689] INFO: HTTP Request: POST https://frqnggeoptaoosxkozsl.supabase.co/rest/v1/runs?columns=%22trade_date%22%2C%22date%22%2C%22security%22%2C%22price%22%2C%22cusip%22%2C%22trade_type%22%2C%22settlement_date%22%2C%22benchmark%22%2C%22maturity_date%22%2C%22created_at%22%2C%22duration%22%2C%22quantity%22%2C%22yield_value%22%2C%22spread%22%2C%22reference_security%22%2C%22dv01%22%2C%22dealer%22 "HTTP/2 400 Bad Request"
[2025-06-28 20:27:21,690] ERROR: Failed to upload batch 19: {'message': 'value too long for type character varying(50)', 'code': '22001', 'hint': None, 'details': None}
[2025-06-28 20:27:21,785] INFO: HTTP Request: POST https://frqnggeoptaoosxkozsl.supabase.co/rest/v1/runs?columns=%22trade_date%22%2C%22date%22%2C%22security%22%2C%22price%22%2C%22cusip%22%2C%22trade_type%22%2C%22settlement_date%22%2C%22benchmark%22%2C%22maturity_date%22%2C%22created_at%22%2C%22duration%22%2C%22quantity%22%2C%22yield_value%22%2C%22spread%22%2C%22reference_security%22%2C%22dv01%22%2C%22dealer%22 "HTTP/2 400 Bad Request"
[2025-06-28 20:27:21,786] ERROR: Failed to upload batch 20: {'message': 'value too long for type character varying(50)', 'code': '22001', 'hint': None, 'details': None}
[2025-06-28 20:27:21,859] INFO: HTTP Request: POST https://frqnggeoptaoosxkozsl.supabase.co/rest/v1/runs?columns=%22trade_date%22%2C%22date%22%2C%22security%22%2C%22price%22%2C%22cusip%22%2C%22trade_type%22%2C%22settlement_date%22%2C%22benchmark%22%2C%22maturity_date%22%2C%22created_at%22%2C%22duration%22%2C%22quantity%22%2C%22yield_value%22%2C%22spread%22%2C%22reference_security%22%2C%22dv01%22%2C%22dealer%22 "HTTP/2 400 Bad Request"
[2025-06-28 20:27:21,861] ERROR: Failed to upload batch 21: {'message': 'value too long for type character varying(50)', 'code': '22001', 'hint': None, 'details': None}
[2025-06-28 20:27:21,920] INFO: HTTP Request: POST https://frqnggeoptaoosxkozsl.supabase.co/rest/v1/runs?columns=%22trade_date%22%2C%22date%22%2C%22security%22%2C%22price%22%2C%22cusip%22%2C%22trade_type%22%2C%22settlement_date%22%2C%22benchmark%22%2C%22maturity_date%22%2C%22created_at%22%2C%22duration%22%2C%22quantity%22%2C%22yield_value%22%2C%22spread%22%2C%22reference_security%22%2C%22dv01%22%2C%22dealer%22 "HTTP/2 400 Bad Request"
[2025-06-28 20:27:21,921] ERROR: Failed to upload batch 22: {'message': 'value too long for type character varying(50)', 'code': '22001', 'hint': None, 'details': None}
[2025-06-28 20:27:21,983] INFO: HTTP Request: POST https://frqnggeoptaoosxkozsl.supabase.co/rest/v1/runs?columns=%22trade_date%22%2C%22date%22%2C%22security%22%2C%22price%22%2C%22cusip%22%2C%22trade_type%22%2C%22settlement_date%22%2C%22benchmark%22%2C%22maturity_date%22%2C%22created_at%22%2C%22duration%22%2C%22quantity%22%2C%22yield_value%22%2C%22spread%22%2C%22reference_security%22%2C%22dv01%22%2C%22dealer%22 "HTTP/2 400 Bad Request"
[2025-06-28 20:27:21,984] ERROR: Failed to upload batch 23: {'message': 'value too long for type character varying(50)', 'code': '22001', 'hint': None, 'details': None}
[2025-06-28 20:27:22,044] INFO: HTTP Request: POST https://frqnggeoptaoosxkozsl.supabase.co/rest/v1/runs?columns=%22trade_date%22%2C%22date%22%2C%22security%22%2C%22price%22%2C%22cusip%22%2C%22trade_type%22%2C%22settlement_date%22%2C%22benchmark%22%2C%22maturity_date%22%2C%22created_at%22%2C%22duration%22%2C%22quantity%22%2C%22yield_value%22%2C%22spread%22%2C%22reference_security%22%2C%22dv01%22%2C%22dealer%22 "HTTP/2 400 Bad Request"
[2025-06-28 20:27:22,045] ERROR: Failed to upload batch 24: {'message': 'value too long for type character varying(50)', 'code': '22001', 'hint': None, 'details': None}
[2025-06-28 20:27:22,099] INFO: HTTP Request: POST https://frqnggeoptaoosxkozsl.supabase.co/rest/v1/runs?columns=%22trade_date%22%2C%22date%22%2C%22security%22%2C%22price%22%2C%22cusip%22%2C%22trade_type%22%2C%22settlement_date%22%2C%22benchmark%22%2C%22maturity_date%22%2C%22created_at%22%2C%22duration%22%2C%22quantity%22%2C%22yield_value%22%2C%22spread%22%2C%22reference_security%22%2C%22dv01%22%2C%22dealer%22 "HTTP/2 400 Bad Request"
[2025-06-28 20:27:22,100] ERROR: Failed to upload batch 25: {'message': 'value too long for type character varying(50)', 'code': '22001', 'hint': None, 'details': None}
[2025-06-28 20:27:22,157] INFO: HTTP Request: POST https://frqnggeoptaoosxkozsl.supabase.co/rest/v1/runs?columns=%22trade_date%22%2C%22date%22%2C%22security%22%2C%22price%22%2C%22cusip%22%2C%22trade_type%22%2C%22settlement_date%22%2C%22benchmark%22%2C%22maturity_date%22%2C%22created_at%22%2C%22duration%22%2C%22quantity%22%2C%22yield_value%22%2C%22spread%22%2C%22reference_security%22%2C%22dv01%22%2C%22dealer%22 "HTTP/2 400 Bad Request"
[2025-06-28 20:27:22,158] ERROR: Failed to upload batch 26: {'message': 'value too long for type character varying(50)', 'code': '22001', 'hint': None, 'details': None}
[2025-06-28 20:27:22,210] INFO: HTTP Request: POST https://frqnggeoptaoosxkozsl.supabase.co/rest/v1/runs?columns=%22trade_date%22%2C%22date%22%2C%22security%22%2C%22price%22%2C%22cusip%22%2C%22trade_type%22%2C%22settlement_date%22%2C%22benchmark%22%2C%22maturity_date%22%2C%22created_at%22%2C%22duration%22%2C%22quantity%22%2C%22yield_value%22%2C%22spread%22%2C%22reference_security%22%2C%22dv01%22%2C%22dealer%22 "HTTP/2 400 Bad Request"
[2025-06-28 20:27:22,211] ERROR: Failed to upload batch 27: {'message': 'value too long for type character varying(50)', 'code': '22001', 'hint': None, 'details': None}
[2025-06-28 20:27:22,265] INFO: HTTP Request: POST https://frqnggeoptaoosxkozsl.supabase.co/rest/v1/runs?columns=%22trade_date%22%2C%22date%22%2C%22security%22%2C%22price%22%2C%22cusip%22%2C%22trade_type%22%2C%22settlement_date%22%2C%22benchmark%22%2C%22maturity_date%22%2C%22created_at%22%2C%22duration%22%2C%22quantity%22%2C%22yield_value%22%2C%22spread%22%2C%22reference_security%22%2C%22dv01%22%2C%22dealer%22 "HTTP/2 400 Bad Request"
[2025-06-28 20:27:22,266] ERROR: Failed to upload batch 28: {'message': 'value too long for type character varying(50)', 'code': '22001', 'hint': None, 'details': None}
[2025-06-28 20:27:22,374] INFO: HTTP Request: POST https://frqnggeoptaoosxkozsl.supabase.co/rest/v1/runs?columns=%22trade_date%22%2C%22date%22%2C%22security%22%2C%22price%22%2C%22cusip%22%2C%22trade_type%22%2C%22settlement_date%22%2C%22benchmark%22%2C%22maturity_date%22%2C%22created_at%22%2C%22duration%22%2C%22quantity%22%2C%22yield_value%22%2C%22spread%22%2C%22reference_security%22%2C%22dv01%22%2C%22dealer%22 "HTTP/2 201 Created"
[2025-06-28 20:27:22,374] INFO: Uploaded batch 29: 500 rows
[2025-06-28 20:27:22,491] INFO: HTTP Request: POST https://frqnggeoptaoosxkozsl.supabase.co/rest/v1/runs?columns=%22trade_date%22%2C%22date%22%2C%22security%22%2C%22price%22%2C%22cusip%22%2C%22trade_type%22%2C%22settlement_date%22%2C%22benchmark%22%2C%22maturity_date%22%2C%22created_at%22%2C%22duration%22%2C%22quantity%22%2C%22yield_value%22%2C%22spread%22%2C%22reference_security%22%2C%22dv01%22%2C%22dealer%22 "HTTP/2 201 Created"
[2025-06-28 20:27:22,492] INFO: Uploaded batch 30: 500 rows
[2025-06-28 20:27:22,598] INFO: HTTP Request: POST https://frqnggeoptaoosxkozsl.supabase.co/rest/v1/runs?columns=%22trade_date%22%2C%22date%22%2C%22security%22%2C%22price%22%2C%22cusip%22%2C%22trade_type%22%2C%22settlement_date%22%2C%22benchmark%22%2C%22maturity_date%22%2C%22created_at%22%2C%22duration%22%2C%22quantity%22%2C%22yield_value%22%2C%22spread%22%2C%22reference_security%22%2C%22dv01%22%2C%22dealer%22 "HTTP/2 201 Created"
[2025-06-28 20:27:22,600] INFO: Uploaded batch 31: 500 rows
[2025-06-28 20:27:22,656] INFO: HTTP Request: POST https://frqnggeoptaoosxkozsl.supabase.co/rest/v1/runs?columns=%22trade_date%22%2C%22date%22%2C%22security%22%2C%22price%22%2C%22cusip%22%2C%22trade_type%22%2C%22settlement_date%22%2C%22benchmark%22%2C%22maturity_date%22%2C%22created_at%22%2C%22duration%22%2C%22quantity%22%2C%22yield_value%22%2C%22spread%22%2C%22reference_security%22%2C%22dv01%22%2C%22dealer%22 "HTTP/2 400 Bad Request"
[2025-06-28 20:27:22,656] ERROR: Failed to upload batch 32: {'message': 'value too long for type character varying(50)', 'code': '22001', 'hint': None, 'details': None}
[2025-06-28 20:27:22,741] INFO: HTTP Request: POST https://frqnggeoptaoosxkozsl.supabase.co/rest/v1/runs?columns=%22trade_date%22%2C%22date%22%2C%22security%22%2C%22price%22%2C%22cusip%22%2C%22trade_type%22%2C%22settlement_date%22%2C%22benchmark%22%2C%22maturity_date%22%2C%22created_at%22%2C%22duration%22%2C%22quantity%22%2C%22yield_value%22%2C%22spread%22%2C%22reference_security%22%2C%22dv01%22%2C%22dealer%22 "HTTP/2 201 Created"
[2025-06-28 20:27:22,759] INFO: Uploaded batch 33: 500 rows
[2025-06-28 20:27:22,836] INFO: HTTP Request: POST https://frqnggeoptaoosxkozsl.supabase.co/rest/v1/runs?columns=%22trade_date%22%2C%22date%22%2C%22security%22%2C%22price%22%2C%22cusip%22%2C%22trade_type%22%2C%22settlement_date%22%2C%22benchmark%22%2C%22maturity_date%22%2C%22created_at%22%2C%22duration%22%2C%22quantity%22%2C%22yield_value%22%2C%22spread%22%2C%22reference_security%22%2C%22dv01%22%2C%22dealer%22 "HTTP/2 400 Bad Request"
[2025-06-28 20:27:22,836] ERROR: Failed to upload batch 34: {'message': 'value too long for type character varying(50)', 'code': '22001', 'hint': None, 'details': None}
[2025-06-28 20:27:22,925] INFO: HTTP Request: POST https://frqnggeoptaoosxkozsl.supabase.co/rest/v1/runs?columns=%22trade_date%22%2C%22date%22%2C%22security%22%2C%22price%22%2C%22cusip%22%2C%22trade_type%22%2C%22settlement_date%22%2C%22benchmark%22%2C%22maturity_date%22%2C%22created_at%22%2C%22duration%22%2C%22quantity%22%2C%22yield_value%22%2C%22spread%22%2C%22reference_security%22%2C%22dv01%22%2C%22dealer%22 "HTTP/2 400 Bad Request"
[2025-06-28 20:27:22,925] ERROR: Failed to upload batch 35: {'message': 'value too long for type character varying(50)', 'code': '22001', 'hint': None, 'details': None}
[2025-06-28 20:27:23,038] INFO: HTTP Request: POST https://frqnggeoptaoosxkozsl.supabase.co/rest/v1/runs?columns=%22trade_date%22%2C%22date%22%2C%22security%22%2C%22price%22%2C%22cusip%22%2C%22trade_type%22%2C%22settlement_date%22%2C%22benchmark%22%2C%22maturity_date%22%2C%22created_at%22%2C%22duration%22%2C%22quantity%22%2C%22yield_value%22%2C%22spread%22%2C%22reference_security%22%2C%22dv01%22%2C%22dealer%22 "HTTP/2 201 Created"
[2025-06-28 20:27:23,042] INFO: Uploaded batch 36: 500 rows
[2025-06-28 20:27:23,105] INFO: HTTP Request: POST https://frqnggeoptaoosxkozsl.supabase.co/rest/v1/runs?columns=%22trade_date%22%2C%22date%22%2C%22security%22%2C%22price%22%2C%22cusip%22%2C%22trade_type%22%2C%22settlement_date%22%2C%22benchmark%22%2C%22maturity_date%22%2C%22created_at%22%2C%22duration%22%2C%22quantity%22%2C%22yield_value%22%2C%22spread%22%2C%22reference_security%22%2C%22dv01%22%2C%22dealer%22 "HTTP/2 400 Bad Request"
[2025-06-28 20:27:23,106] ERROR: Failed to upload batch 37: {'message': 'value too long for type character varying(50)', 'code': '22001', 'hint': None, 'details': None}
[2025-06-28 20:27:23,209] INFO: HTTP Request: POST https://frqnggeoptaoosxkozsl.supabase.co/rest/v1/runs?columns=%22trade_date%22%2C%22date%22%2C%22security%22%2C%22price%22%2C%22cusip%22%2C%22trade_type%22%2C%22settlement_date%22%2C%22benchmark%22%2C%22maturity_date%22%2C%22created_at%22%2C%22duration%22%2C%22quantity%22%2C%22yield_value%22%2C%22spread%22%2C%22reference_security%22%2C%22dv01%22%2C%22dealer%22 "HTTP/2 201 Created"
[2025-06-28 20:27:23,209] INFO: Uploaded batch 38: 500 rows
[2025-06-28 20:27:23,273] INFO: HTTP Request: POST https://frqnggeoptaoosxkozsl.supabase.co/rest/v1/runs?columns=%22trade_date%22%2C%22date%22%2C%22security%22%2C%22price%22%2C%22cusip%22%2C%22trade_type%22%2C%22settlement_date%22%2C%22benchmark%22%2C%22maturity_date%22%2C%22created_at%22%2C%22duration%22%2C%22quantity%22%2C%22yield_value%22%2C%22spread%22%2C%22reference_security%22%2C%22dv01%22%2C%22dealer%22 "HTTP/2 400 Bad Request"
[2025-06-28 20:27:23,275] ERROR: Failed to upload batch 39: {'message': 'value too long for type character varying(50)', 'code': '22001', 'hint': None, 'details': None}
[2025-06-28 20:27:23,358] INFO: HTTP Request: POST https://frqnggeoptaoosxkozsl.supabase.co/rest/v1/runs?columns=%22trade_date%22%2C%22date%22%2C%22security%22%2C%22price%22%2C%22cusip%22%2C%22trade_type%22%2C%22settlement_date%22%2C%22benchmark%22%2C%22maturity_date%22%2C%22created_at%22%2C%22duration%22%2C%22quantity%22%2C%22yield_value%22%2C%22spread%22%2C%22reference_security%22%2C%22dv01%22%2C%22dealer%22 "HTTP/2 201 Created"
[2025-06-28 20:27:23,358] INFO: Uploaded batch 40: 500 rows
[2025-06-28 20:27:23,458] INFO: HTTP Request: POST https://frqnggeoptaoosxkozsl.supabase.co/rest/v1/runs?columns=%22trade_date%22%2C%22date%22%2C%22security%22%2C%22price%22%2C%22cusip%22%2C%22trade_type%22%2C%22settlement_date%22%2C%22benchmark%22%2C%22maturity_date%22%2C%22created_at%22%2C%22duration%22%2C%22quantity%22%2C%22yield_value%22%2C%22spread%22%2C%22reference_security%22%2C%22dv01%22%2C%22dealer%22 "HTTP/2 201 Created"
[2025-06-28 20:27:23,458] INFO: Uploaded batch 41: 500 rows
[2025-06-28 20:27:23,555] INFO: HTTP Request: POST https://frqnggeoptaoosxkozsl.supabase.co/rest/v1/runs?columns=%22trade_date%22%2C%22date%22%2C%22security%22%2C%22price%22%2C%22cusip%22%2C%22trade_type%22%2C%22settlement_date%22%2C%22benchmark%22%2C%22maturity_date%22%2C%22created_at%22%2C%22duration%22%2C%22quantity%22%2C%22yield_value%22%2C%22spread%22%2C%22reference_security%22%2C%22dv01%22%2C%22dealer%22 "HTTP/2 201 Created"
[2025-06-28 20:27:23,555] INFO: Uploaded batch 42: 500 rows
[2025-06-28 20:27:23,625] INFO: HTTP Request: POST https://frqnggeoptaoosxkozsl.supabase.co/rest/v1/runs?columns=%22trade_date%22%2C%22date%22%2C%22security%22%2C%22price%22%2C%22cusip%22%2C%22trade_type%22%2C%22settlement_date%22%2C%22benchmark%22%2C%22maturity_date%22%2C%22created_at%22%2C%22duration%22%2C%22quantity%22%2C%22yield_value%22%2C%22spread%22%2C%22reference_security%22%2C%22dv01%22%2C%22dealer%22 "HTTP/2 400 Bad Request"
[2025-06-28 20:27:23,625] ERROR: Failed to upload batch 43: {'message': 'value too long for type character varying(50)', 'code': '22001', 'hint': None, 'details': None}
[2025-06-28 20:27:23,676] INFO: HTTP Request: POST https://frqnggeoptaoosxkozsl.supabase.co/rest/v1/runs?columns=%22trade_date%22%2C%22date%22%2C%22security%22%2C%22price%22%2C%22cusip%22%2C%22trade_type%22%2C%22settlement_date%22%2C%22benchmark%22%2C%22maturity_date%22%2C%22created_at%22%2C%22duration%22%2C%22quantity%22%2C%22yield_value%22%2C%22spread%22%2C%22reference_security%22%2C%22dv01%22%2C%22dealer%22 "HTTP/2 400 Bad Request"
[2025-06-28 20:27:23,676] ERROR: Failed to upload batch 44: {'message': 'value too long for type character varying(50)', 'code': '22001', 'hint': None, 'details': None}
[2025-06-28 20:27:23,742] INFO: HTTP Request: POST https://frqnggeoptaoosxkozsl.supabase.co/rest/v1/runs?columns=%22trade_date%22%2C%22date%22%2C%22security%22%2C%22price%22%2C%22cusip%22%2C%22trade_type%22%2C%22settlement_date%22%2C%22benchmark%22%2C%22maturity_date%22%2C%22created_at%22%2C%22duration%22%2C%22quantity%22%2C%22yield_value%22%2C%22spread%22%2C%22reference_security%22%2C%22dv01%22%2C%22dealer%22 "HTTP/2 400 Bad Request"
[2025-06-28 20:27:23,742] ERROR: Failed to upload batch 45: {'message': 'value too long for type character varying(50)', 'code': '22001', 'hint': None, 'details': None}
[2025-06-28 20:27:23,789] INFO: HTTP Request: POST https://frqnggeoptaoosxkozsl.supabase.co/rest/v1/runs?columns=%22trade_date%22%2C%22date%22%2C%22security%22%2C%22price%22%2C%22cusip%22%2C%22trade_type%22%2C%22settlement_date%22%2C%22benchmark%22%2C%22maturity_date%22%2C%22created_at%22%2C%22duration%22%2C%22quantity%22%2C%22yield_value%22%2C%22spread%22%2C%22reference_security%22%2C%22dv01%22%2C%22dealer%22 "HTTP/2 400 Bad Request"
[2025-06-28 20:27:23,805] ERROR: Failed to upload batch 46: {'message': 'value too long for type character varying(50)', 'code': '22001', 'hint': None, 'details': None}
[2025-06-28 20:27:23,864] INFO: HTTP Request: POST https://frqnggeoptaoosxkozsl.supabase.co/rest/v1/runs?columns=%22trade_date%22%2C%22date%22%2C%22security%22%2C%22price%22%2C%22cusip%22%2C%22trade_type%22%2C%22settlement_date%22%2C%22benchmark%22%2C%22maturity_date%22%2C%22created_at%22%2C%22duration%22%2C%22quantity%22%2C%22yield_value%22%2C%22spread%22%2C%22reference_security%22%2C%22dv01%22%2C%22dealer%22 "HTTP/2 400 Bad Request"
[2025-06-28 20:27:23,866] ERROR: Failed to upload batch 47: {'message': 'value too long for type character varying(50)', 'code': '22001', 'hint': None, 'details': None}
[2025-06-28 20:27:23,925] INFO: HTTP Request: POST https://frqnggeoptaoosxkozsl.supabase.co/rest/v1/runs?columns=%22trade_date%22%2C%22date%22%2C%22security%22%2C%22price%22%2C%22cusip%22%2C%22trade_type%22%2C%22settlement_date%22%2C%22benchmark%22%2C%22maturity_date%22%2C%22created_at%22%2C%22duration%22%2C%22quantity%22%2C%22yield_value%22%2C%22spread%22%2C%22reference_security%22%2C%22dv01%22%2C%22dealer%22 "HTTP/2 400 Bad Request"
[2025-06-28 20:27:23,925] ERROR: Failed to upload batch 48: {'message': 'value too long for type character varying(50)', 'code': '22001', 'hint': None, 'details': None}
[2025-06-28 20:27:24,026] INFO: HTTP Request: POST https://frqnggeoptaoosxkozsl.supabase.co/rest/v1/runs?columns=%22trade_date%22%2C%22date%22%2C%22security%22%2C%22price%22%2C%22cusip%22%2C%22trade_type%22%2C%22settlement_date%22%2C%22benchmark%22%2C%22maturity_date%22%2C%22created_at%22%2C%22duration%22%2C%22quantity%22%2C%22yield_value%22%2C%22spread%22%2C%22reference_security%22%2C%22dv01%22%2C%22dealer%22 "HTTP/2 201 Created"
[2025-06-28 20:27:24,029] INFO: Uploaded batch 49: 500 rows
[2025-06-28 20:27:24,110] INFO: HTTP Request: POST https://frqnggeoptaoosxkozsl.supabase.co/rest/v1/runs?columns=%22trade_date%22%2C%22date%22%2C%22security%22%2C%22price%22%2C%22cusip%22%2C%22trade_type%22%2C%22settlement_date%22%2C%22benchmark%22%2C%22maturity_date%22%2C%22created_at%22%2C%22duration%22%2C%22quantity%22%2C%22yield_value%22%2C%22spread%22%2C%22reference_security%22%2C%22dv01%22%2C%22dealer%22 "HTTP/2 201 Created"
[2025-06-28 20:27:24,110] INFO: Uploaded batch 50: 500 rows
[2025-06-28 20:27:24,208] INFO: HTTP Request: POST https://frqnggeoptaoosxkozsl.supabase.co/rest/v1/runs?columns=%22trade_date%22%2C%22date%22%2C%22security%22%2C%22price%22%2C%22cusip%22%2C%22trade_type%22%2C%22settlement_date%22%2C%22benchmark%22%2C%22maturity_date%22%2C%22created_at%22%2C%22duration%22%2C%22quantity%22%2C%22yield_value%22%2C%22spread%22%2C%22reference_security%22%2C%22dv01%22%2C%22dealer%22 "HTTP/2 201 Created"
[2025-06-28 20:27:24,209] INFO: Uploaded batch 51: 500 rows
[2025-06-28 20:27:24,259] INFO: HTTP Request: POST https://frqnggeoptaoosxkozsl.supabase.co/rest/v1/runs?columns=%22trade_date%22%2C%22date%22%2C%22security%22%2C%22price%22%2C%22cusip%22%2C%22trade_type%22%2C%22settlement_date%22%2C%22benchmark%22%2C%22maturity_date%22%2C%22created_at%22%2C%22duration%22%2C%22quantity%22%2C%22yield_value%22%2C%22spread%22%2C%22reference_security%22%2C%22dv01%22%2C%22dealer%22 "HTTP/2 400 Bad Request"
[2025-06-28 20:27:24,259] ERROR: Failed to upload batch 52: {'message': 'value too long for type character varying(50)', 'code': '22001', 'hint': None, 'details': None}
[2025-06-28 20:27:24,322] INFO: HTTP Request: POST https://frqnggeoptaoosxkozsl.supabase.co/rest/v1/runs?columns=%22trade_date%22%2C%22date%22%2C%22security%22%2C%22price%22%2C%22cusip%22%2C%22trade_type%22%2C%22settlement_date%22%2C%22benchmark%22%2C%22maturity_date%22%2C%22created_at%22%2C%22duration%22%2C%22quantity%22%2C%22yield_value%22%2C%22spread%22%2C%22reference_security%22%2C%22dv01%22%2C%22dealer%22 "HTTP/2 400 Bad Request"
[2025-06-28 20:27:24,322] ERROR: Failed to upload batch 53: {'message': 'value too long for type character varying(50)', 'code': '22001', 'hint': None, 'details': None}
[2025-06-28 20:27:24,420] INFO: HTTP Request: POST https://frqnggeoptaoosxkozsl.supabase.co/rest/v1/runs?columns=%22trade_date%22%2C%22date%22%2C%22security%22%2C%22price%22%2C%22cusip%22%2C%22trade_type%22%2C%22settlement_date%22%2C%22benchmark%22%2C%22maturity_date%22%2C%22created_at%22%2C%22duration%22%2C%22quantity%22%2C%22yield_value%22%2C%22spread%22%2C%22reference_security%22%2C%22dv01%22%2C%22dealer%22 "HTTP/2 201 Created"
[2025-06-28 20:27:24,426] INFO: Uploaded batch 54: 500 rows
[2025-06-28 20:27:24,490] INFO: HTTP Request: POST https://frqnggeoptaoosxkozsl.supabase.co/rest/v1/runs?columns=%22trade_date%22%2C%22date%22%2C%22security%22%2C%22price%22%2C%22cusip%22%2C%22trade_type%22%2C%22settlement_date%22%2C%22benchmark%22%2C%22maturity_date%22%2C%22created_at%22%2C%22duration%22%2C%22quantity%22%2C%22yield_value%22%2C%22spread%22%2C%22reference_security%22%2C%22dv01%22%2C%22dealer%22 "HTTP/2 400 Bad Request"
[2025-06-28 20:27:24,490] ERROR: Failed to upload batch 55: {'message': 'value too long for type character varying(50)', 'code': '22001', 'hint': None, 'details': None}
[2025-06-28 20:27:24,576] INFO: HTTP Request: POST https://frqnggeoptaoosxkozsl.supabase.co/rest/v1/runs?columns=%22trade_date%22%2C%22date%22%2C%22security%22%2C%22price%22%2C%22cusip%22%2C%22trade_type%22%2C%22settlement_date%22%2C%22benchmark%22%2C%22maturity_date%22%2C%22created_at%22%2C%22duration%22%2C%22quantity%22%2C%22yield_value%22%2C%22spread%22%2C%22reference_security%22%2C%22dv01%22%2C%22dealer%22 "HTTP/2 201 Created"
[2025-06-28 20:27:24,576] INFO: Uploaded batch 56: 382 rows
[2025-06-28 20:27:24,576] INFO: ✅ Runs: Uploaded 10882 rows
[2025-06-28 20:27:24,576] INFO: 
================================================================================
[2025-06-28 20:27:24,576] INFO: UPLOAD SUMMARY
[2025-06-28 20:27:24,576] INFO: ================================================================================
[2025-06-28 20:27:24,576] INFO: ✅ universe: 223 rows uploaded
[2025-06-28 20:27:24,576] INFO: ✅ portfolio: 0 rows uploaded
[2025-06-28 20:27:24,576] INFO: ✅ runs: 10882 rows uploaded
[2025-06-28 20:27:24,576] INFO: 
✅ All tables uploaded successfully!
