[2025-07-04 16:38:08,569] INFO: [INFO] MASTER PIPELINE ORCHESTRATOR STARTING
[2025-07-04 16:38:08,570] INFO: ============================================================
[2025-07-04 16:38:08,571] INFO: Timestamp: 2025-07-04T16:38:08.571406
[2025-07-04 16:38:08,571] INFO: Arguments: {'full': False, 'universe': False, 'portfolio': False, 'historical_gspread': False, 'gspread_analytics': False, 'runs': False, 'dry_run': False, 'validate_only': False, 'resume_from': None, 'force': False, 'parallel': False, 'config': 'config/config.yaml', 'log_level': 'INFO', 'log_file': None, 'monitor': False, 'report': False, 'notify': None, 'menu': False}
[2025-07-04 16:38:08,571] INFO: ============================================================
[2025-07-04 16:38:08,581] INFO: [PLAN] Creating pipeline execution plan...
[2025-07-04 16:38:08,582] INFO: [PLAN] Execution plan created:
[2025-07-04 16:38:08,582] INFO:   Stages: 6
[2025-07-04 16:38:08,582] INFO:   Parallel groups: 2
[2025-07-04 16:38:08,582] INFO:   Estimated duration: 0:07:00
[2025-07-04 16:38:08,582] INFO: [START] Starting pipeline execution...
[2025-07-04 16:38:08,582] INFO: [STEP] Executing step 1/2: ['portfolio', 'universe', 'historical-gspread', 'runs-excel']
[2025-07-04 16:38:08,582] INFO: [RUN] Executing portfolio...
[2025-07-04 16:38:11,640] INFO: [OK] portfolio completed in 0:00:03.058226
[2025-07-04 16:38:11,640] INFO:    Records processed: 11,292
[2025-07-04 16:38:11,640] INFO:    Output files: 1
[2025-07-04 16:38:11,640] INFO: [RUN] Executing universe...
[2025-07-04 16:38:15,115] INFO: [OK] universe completed in 0:00:03.473379
[2025-07-04 16:38:15,116] INFO:    Records processed: 14,302
[2025-07-04 16:38:15,116] INFO:    Output files: 1
[2025-07-04 16:38:15,116] INFO: [RUN] Executing historical-gspread...
[2025-07-04 16:38:32,615] INFO: [OK] historical-gspread completed in 0:00:17.496478
[2025-07-04 16:38:32,615] INFO:    Records processed: 2,929,848
[2025-07-04 16:38:32,615] INFO:    Output files: 0
[2025-07-04 16:38:32,615] INFO: [RUN] Executing runs-excel...
[2025-07-04 16:38:34,847] ERROR: [FAIL] runs-excel failed after 0:00:02.231644
[2025-07-04 16:38:34,849] ERROR: [FAIL] Stage runs-excel failed, stopping execution
[2025-07-04 16:38:34,849] INFO: [STEP] Executing step 2/2: ['runs-monitor', 'gspread-analytics']
[2025-07-04 16:38:34,849] INFO: [RUN] Executing runs-monitor...
[2025-07-04 16:38:37,028] INFO: [OK] runs-monitor completed in 0:00:02.178146
[2025-07-04 16:38:37,028] INFO:    Records processed: 0
[2025-07-04 16:38:37,028] INFO:    Output files: 1
[2025-07-04 16:38:37,028] INFO: [RUN] Executing gspread-analytics...
[2025-07-04 16:38:40,802] ERROR: Stage gspread-analytics failed: 'utf-8' codec can't decode byte 0x95 in position 186: invalid start byte: 'utf-8' codec can't decode byte 0x95 in position 186: invalid start byte
[2025-07-04 16:38:40,802] ERROR: [FAIL] Stage gspread-analytics failed, stopping execution
[2025-07-04 16:38:40,802] INFO: [COMPLETE] PIPELINE ORCHESTRATION COMPLETE
[2025-07-04 16:38:40,802] INFO: [DONE] Pipeline orchestrator shutdown complete
