[2025-07-04 16:53:52,257] INFO: [INFO] MASTER PIPELINE ORCHESTRATOR STARTING
[2025-07-04 16:53:52,258] INFO: ============================================================
[2025-07-04 16:53:52,258] INFO: Timestamp: 2025-07-04T16:53:52.258294
[2025-07-04 16:53:52,258] INFO: Arguments: {'full': False, 'universe': False, 'portfolio': False, 'historical_gspread': False, 'gspread_analytics': False, 'runs': False, 'dry_run': False, 'validate_only': False, 'resume_from': None, 'force': False, 'parallel': False, 'config': 'config/config.yaml', 'log_level': 'INFO', 'log_file': None, 'monitor': False, 'report': False, 'notify': None, 'menu': False}
[2025-07-04 16:53:52,258] INFO: ============================================================
[2025-07-04 16:53:52,267] INFO: [PLAN] Creating pipeline execution plan...
[2025-07-04 16:53:52,268] INFO: [PLAN] Execution plan created:
[2025-07-04 16:53:52,268] INFO:   Stages: 6
[2025-07-04 16:53:52,268] INFO:   Parallel groups: 2
[2025-07-04 16:53:52,268] INFO:   Estimated duration: 0:07:00
[2025-07-04 16:53:52,269] INFO: [START] Starting pipeline execution...
[2025-07-04 16:53:52,269] INFO: [STEP] Executing step 1/2: ['historical-gspread', 'runs-excel', 'universe', 'portfolio']
[2025-07-04 16:53:52,269] INFO: [RUN] Executing historical-gspread...
[2025-07-04 16:54:07,051] INFO: [OK] historical-gspread completed in 0:00:14.780078
[2025-07-04 16:54:07,052] INFO:    Records processed: 2,929,848
[2025-07-04 16:54:07,052] INFO:    Output files: 0
[2025-07-04 16:54:07,052] INFO: [RUN] Executing runs-excel...
[2025-07-04 16:54:09,697] INFO: [OK] runs-excel completed in 0:00:02.644121
[2025-07-04 16:54:09,697] INFO:    Records processed: 232,284
[2025-07-04 16:54:09,697] INFO:    Output files: 1
[2025-07-04 16:54:09,697] INFO: [RUN] Executing universe...
[2025-07-04 16:54:13,661] INFO: [OK] universe completed in 0:00:03.963793
[2025-07-04 16:54:13,661] INFO:    Records processed: 12,713
[2025-07-04 16:54:13,662] INFO:    Output files: 1
[2025-07-04 16:54:13,662] INFO: [RUN] Executing portfolio...
[2025-07-04 16:54:17,060] INFO: [OK] portfolio completed in 0:00:03.397867
[2025-07-04 16:54:17,060] INFO:    Records processed: 16,690
[2025-07-04 16:54:17,060] INFO:    Output files: 1
[2025-07-04 16:54:17,060] INFO: [STEP] Executing step 2/2: ['runs-monitor', 'gspread-analytics']
[2025-07-04 16:54:17,061] INFO: [RUN] Executing runs-monitor...
[2025-07-04 16:54:19,284] INFO: [OK] runs-monitor completed in 0:00:02.222908
[2025-07-04 16:54:19,284] INFO:    Records processed: 0
[2025-07-04 16:54:19,284] INFO:    Output files: 1
[2025-07-04 16:54:19,285] INFO: [RUN] Executing gspread-analytics...
[2025-07-04 16:54:32,675] INFO: [OK] gspread-analytics completed in 0:00:13.389379
[2025-07-04 16:54:32,676] INFO:    Records processed: 0
[2025-07-04 16:54:32,676] INFO:    Output files: 0
[2025-07-04 16:54:32,676] INFO: [COMPLETE] PIPELINE ORCHESTRATION COMPLETE
[2025-07-04 16:54:32,676] INFO: [DONE] Pipeline orchestrator shutdown complete
