[2025-07-04 16:53:47,979] INFO: [INFO] MASTER PIPELINE ORCHESTRATOR STARTING
[2025-07-04 16:53:47,979] INFO: ============================================================
[2025-07-04 16:53:47,979] INFO: Timestamp: 2025-07-04T16:53:47.979548
[2025-07-04 16:53:47,980] INFO: Arguments: {'full': False, 'universe': False, 'portfolio': False, 'historical_gspread': False, 'gspread_analytics': False, 'runs': False, 'dry_run': False, 'validate_only': False, 'resume_from': None, 'force': False, 'parallel': False, 'config': 'config/config.yaml', 'log_level': 'INFO', 'log_file': None, 'monitor': False, 'report': False, 'notify': None, 'menu': False}
[2025-07-04 16:53:47,980] INFO: ============================================================
[2025-07-04 16:53:47,989] INFO: [PLAN] Creating pipeline execution plan...
[2025-07-04 16:53:47,989] INFO: [PLAN] Execution plan created:
[2025-07-04 16:53:47,989] INFO:   Stages: 6
[2025-07-04 16:53:47,989] INFO:   Parallel groups: 2
[2025-07-04 16:53:47,989] INFO:   Estimated duration: 0:07:00
[2025-07-04 16:53:47,989] INFO: [START] Starting pipeline execution...
[2025-07-04 16:53:47,992] INFO: [STEP] Executing step 1/2: ['historical-gspread', 'universe', 'portfolio', 'runs-excel']
[2025-07-04 16:53:47,992] INFO: [RUN] Executing historical-gspread...
[2025-07-04 16:54:02,874] INFO: [OK] historical-gspread completed in 0:00:14.880859
[2025-07-04 16:54:02,874] INFO:    Records processed: 2,929,848
[2025-07-04 16:54:02,874] INFO:    Output files: 0
[2025-07-04 16:54:02,874] INFO: [RUN] Executing universe...
[2025-07-04 16:54:06,968] INFO: [OK] universe completed in 0:00:04.093765
[2025-07-04 16:54:06,969] INFO:    Records processed: 6,088
[2025-07-04 16:54:06,969] INFO:    Output files: 1
[2025-07-04 16:54:06,969] INFO: [RUN] Executing portfolio...
[2025-07-04 16:54:10,484] INFO: [OK] portfolio completed in 0:00:03.513800
[2025-07-04 16:54:10,484] INFO:    Records processed: 10,085
[2025-07-04 16:54:10,484] INFO:    Output files: 1
[2025-07-04 16:54:10,484] INFO: [RUN] Executing runs-excel...
[2025-07-04 16:54:13,010] INFO: [OK] runs-excel completed in 0:00:02.526325
[2025-07-04 16:54:13,011] INFO:    Records processed: 232,284
[2025-07-04 16:54:13,011] INFO:    Output files: 1
[2025-07-04 16:54:13,011] INFO: [STEP] Executing step 2/2: ['runs-monitor', 'gspread-analytics']
[2025-07-04 16:54:13,011] INFO: [RUN] Executing runs-monitor...
[2025-07-04 16:54:15,372] INFO: [OK] runs-monitor completed in 0:00:02.359718
[2025-07-04 16:54:15,372] INFO:    Records processed: 0
[2025-07-04 16:54:15,372] INFO:    Output files: 1
[2025-07-04 16:54:15,372] INFO: [RUN] Executing gspread-analytics...
[2025-07-04 16:54:29,273] INFO: [OK] gspread-analytics completed in 0:00:13.899993
[2025-07-04 16:54:29,274] INFO:    Records processed: 0
[2025-07-04 16:54:29,274] INFO:    Output files: 0
[2025-07-04 16:54:29,274] INFO: [COMPLETE] PIPELINE ORCHESTRATION COMPLETE
[2025-07-04 16:54:29,274] INFO: [DONE] Pipeline orchestrator shutdown complete
