[2025-07-04 16:10:47,142] INFO: 🎯 MASTER PIPELINE ORCHESTRATOR STARTING
[2025-07-04 16:10:47,142] INFO: ============================================================
[2025-07-04 16:10:47,142] INFO: Timestamp: 2025-07-04T16:10:47.142666
[2025-07-04 16:10:47,143] INFO: Arguments: {'full': False, 'universe': True, 'portfolio': False, 'historical_gspread': False, 'gspread_analytics': False, 'runs': False, 'dry_run': False, 'validate_only': False, 'resume_from': None, 'force': False, 'parallel': False, 'config': 'config/config.yaml', 'log_level': 'INFO', 'log_file': None, 'monitor': False, 'report': True, 'notify': None}
[2025-07-04 16:10:47,144] INFO: ============================================================
[2025-07-04 16:10:47,154] INFO: 📋 Creating pipeline execution plan...
[2025-07-04 16:10:47,154] INFO: 📊 Execution plan created:
[2025-07-04 16:10:47,154] INFO:   Stages: 1
[2025-07-04 16:10:47,154] INFO:   Parallel groups: 1
[2025-07-04 16:10:47,154] INFO:   Estimated duration: 0:02:00
[2025-07-04 16:10:47,155] INFO: 🚀 Starting pipeline execution...
[2025-07-04 16:10:47,155] INFO: 📍 Executing step 1/1: ['universe']
[2025-07-04 16:10:47,155] INFO: 🔄 Executing universe...
[2025-07-04 16:10:50,857] INFO: ✅ universe completed in 0:00:03.701382
[2025-07-04 16:10:50,857] INFO:    Records processed: 50,019
[2025-07-04 16:10:50,857] INFO:    Output files: 1
[2025-07-04 16:10:50,857] INFO: 📊 PIPELINE EXECUTION REPORT
[2025-07-04 16:10:50,857] INFO: ============================================================
[2025-07-04 16:10:50,858] INFO: Overall Success: ✅
[2025-07-04 16:10:50,858] INFO: Total Duration: 0:00:03.702390
[2025-07-04 16:10:50,858] INFO: Total Records Processed: 50,019
[2025-07-04 16:10:50,858] INFO: Total Output Files: 1
[2025-07-04 16:10:50,858] INFO: 
[2025-07-04 16:10:50,858] INFO: Stage Results:
[2025-07-04 16:10:50,858] INFO: ----------------------------------------
[2025-07-04 16:10:50,858] INFO: ✅ universe:
[2025-07-04 16:10:50,858] INFO:    Duration: 0:00:03.701382
[2025-07-04 16:10:50,858] INFO:    Records: 50,019
[2025-07-04 16:10:50,858] INFO:    Files: 1
[2025-07-04 16:10:50,859] INFO: 
[2025-07-04 16:10:50,859] INFO: ============================================================
[2025-07-04 16:10:50,859] INFO: 🎉 PIPELINE ORCHESTRATION COMPLETE
[2025-07-04 16:10:50,859] INFO: 🏁 Pipeline orchestrator shutdown complete
