[2025-07-04 16:43:24,226] INFO: [INFO] MASTER PIPELINE ORCHESTRATOR STARTING
[2025-07-04 16:43:24,226] INFO: ============================================================
[2025-07-04 16:43:24,227] INFO: Timestamp: 2025-07-04T16:43:24.227334
[2025-07-04 16:43:24,227] INFO: Arguments: {'full': False, 'universe': False, 'portfolio': False, 'historical_gspread': False, 'gspread_analytics': False, 'runs': False, 'dry_run': False, 'validate_only': False, 'resume_from': None, 'force': False, 'parallel': False, 'config': 'config/config.yaml', 'log_level': 'INFO', 'log_file': None, 'monitor': False, 'report': False, 'notify': None, 'menu': False}
[2025-07-04 16:43:24,227] INFO: ============================================================
[2025-07-04 16:43:24,236] INFO: [PLAN] Creating pipeline execution plan...
[2025-07-04 16:43:24,448] INFO: [PLAN] Execution plan created:
[2025-07-04 16:43:24,449] INFO:   Stages: 6
[2025-07-04 16:43:24,449] INFO:   Parallel groups: 2
[2025-07-04 16:43:24,449] INFO:   Estimated duration: 0:07:00
[2025-07-04 16:43:24,449] INFO: [START] Starting pipeline execution...
[2025-07-04 16:43:24,450] INFO: [STEP] Executing step 1/2: ['runs-excel', 'universe', 'portfolio', 'historical-gspread']
[2025-07-04 16:43:24,450] INFO: [RUN] Executing runs-excel...
[2025-07-04 16:43:26,646] ERROR: [FAIL] runs-excel failed after 0:00:02.195483
[2025-07-04 16:43:26,646] ERROR: [FAIL] Stage runs-excel failed, stopping execution
[2025-07-04 16:43:26,646] INFO: [STEP] Executing step 2/2: ['runs-monitor', 'gspread-analytics']
[2025-07-04 16:43:26,646] INFO: [RUN] Executing runs-monitor...
[2025-07-04 16:43:28,823] INFO: [OK] runs-monitor completed in 0:00:02.177598
[2025-07-04 16:43:28,825] INFO:    Records processed: 0
[2025-07-04 16:43:28,825] INFO:    Output files: 1
[2025-07-04 16:43:28,825] INFO: [RUN] Executing gspread-analytics...
[2025-07-04 16:43:32,590] ERROR: Stage gspread-analytics failed: 'utf-8' codec can't decode byte 0x95 in position 186: invalid start byte: 'utf-8' codec can't decode byte 0x95 in position 186: invalid start byte
[2025-07-04 16:43:32,591] ERROR: [FAIL] Stage gspread-analytics failed, stopping execution
[2025-07-04 16:43:32,592] INFO: [COMPLETE] PIPELINE ORCHESTRATION COMPLETE
[2025-07-04 16:43:32,592] INFO: [DONE] Pipeline orchestrator shutdown complete
