[2025-07-04 16:36:42,756] INFO: [INFO] MASTER PIPELINE ORCHESTRATOR STARTING
[2025-07-04 16:36:42,756] INFO: ============================================================
[2025-07-04 16:36:42,756] INFO: Timestamp: 2025-07-04T16:36:42.756771
[2025-07-04 16:36:42,756] INFO: Arguments: {'full': False, 'universe': False, 'portfolio': False, 'historical_gspread': False, 'gspread_analytics': False, 'runs': False, 'dry_run': False, 'validate_only': False, 'resume_from': None, 'force': False, 'parallel': False, 'config': 'config/config.yaml', 'log_level': 'INFO', 'log_file': None, 'monitor': False, 'report': False, 'notify': None, 'menu': False}
[2025-07-04 16:36:42,756] INFO: ============================================================
[2025-07-04 16:36:42,766] INFO: [PLAN] Creating pipeline execution plan...
[2025-07-04 16:36:42,766] INFO: [PLAN] Execution plan created:
[2025-07-04 16:36:42,766] INFO:   Stages: 6
[2025-07-04 16:36:42,766] INFO:   Parallel groups: 2
[2025-07-04 16:36:42,766] INFO:   Estimated duration: 0:07:00
[2025-07-04 16:36:42,766] INFO: [START] Starting pipeline execution...
[2025-07-04 16:36:42,766] INFO: [STEP] Executing step 1/2: ['portfolio', 'runs-excel', 'historical-gspread', 'universe']
[2025-07-04 16:36:42,766] INFO: [RUN] Executing portfolio...
[2025-07-04 16:36:46,153] INFO: [OK] portfolio completed in 0:00:03.386774
[2025-07-04 16:36:46,153] INFO:    Records processed: 45,789
[2025-07-04 16:36:46,153] INFO:    Output files: 1
[2025-07-04 16:36:46,154] INFO: [RUN] Executing runs-excel...
[2025-07-04 16:36:48,437] ERROR: [FAIL] runs-excel failed after 0:00:02.282438
[2025-07-04 16:36:48,437] ERROR: [FAIL] Stage runs-excel failed, stopping execution
[2025-07-04 16:36:48,437] INFO: [STEP] Executing step 2/2: ['gspread-analytics', 'runs-monitor']
[2025-07-04 16:36:48,437] INFO: [RUN] Executing gspread-analytics...
[2025-07-04 16:36:52,541] ERROR: Stage gspread-analytics failed: 'utf-8' codec can't decode byte 0x95 in position 186: invalid start byte: 'utf-8' codec can't decode byte 0x95 in position 186: invalid start byte
[2025-07-04 16:36:52,542] ERROR: [FAIL] Stage gspread-analytics failed, stopping execution
[2025-07-04 16:36:52,542] INFO: 🎉 PIPELINE ORCHESTRATION COMPLETE
[2025-07-04 16:36:52,542] INFO: 🏁 Pipeline orchestrator shutdown complete
