[2025-07-04 16:46:45,374] INFO: [INFO] MASTER PIPELINE ORCHESTRATOR STARTING
[2025-07-04 16:46:45,374] INFO: ============================================================
[2025-07-04 16:46:45,374] INFO: Timestamp: 2025-07-04T16:46:45.374249
[2025-07-04 16:46:45,374] INFO: Arguments: {'full': False, 'universe': False, 'portfolio': False, 'historical_gspread': False, 'gspread_analytics': False, 'runs': False, 'dry_run': False, 'validate_only': False, 'resume_from': None, 'force': False, 'parallel': False, 'config': 'config/config.yaml', 'log_level': 'INFO', 'log_file': None, 'monitor': False, 'report': False, 'notify': None, 'menu': False}
[2025-07-04 16:46:45,375] INFO: ============================================================
[2025-07-04 16:46:45,385] INFO: [PLAN] Creating pipeline execution plan...
[2025-07-04 16:46:45,385] INFO: [PLAN] Execution plan created:
[2025-07-04 16:46:45,385] INFO:   Stages: 6
[2025-07-04 16:46:45,385] INFO:   Parallel groups: 2
[2025-07-04 16:46:45,385] INFO:   Estimated duration: 0:07:00
[2025-07-04 16:46:45,386] INFO: [START] Starting pipeline execution...
[2025-07-04 16:46:45,387] INFO: [STEP] Executing step 1/2: ['universe', 'portfolio', 'runs-excel', 'historical-gspread']
[2025-07-04 16:46:45,387] INFO: [RUN] Executing universe...
[2025-07-04 16:46:49,096] INFO: [OK] universe completed in 0:00:03.708549
[2025-07-04 16:46:49,096] INFO:    Records processed: 48,270
[2025-07-04 16:46:49,096] INFO:    Output files: 1
[2025-07-04 16:46:49,096] INFO: [RUN] Executing portfolio...
[2025-07-04 16:46:52,208] INFO: [OK] portfolio completed in 0:00:03.111535
[2025-07-04 16:46:52,208] INFO:    Records processed: 51,832
[2025-07-04 16:46:52,209] INFO:    Output files: 1
[2025-07-04 16:46:52,209] INFO: [RUN] Executing runs-excel...
[2025-07-04 16:46:54,417] ERROR: [FAIL] runs-excel failed after 0:00:02.208588
[2025-07-04 16:46:54,417] ERROR: [FAIL] Stage runs-excel failed, stopping execution
[2025-07-04 16:46:54,418] INFO: [STEP] Executing step 2/2: ['gspread-analytics', 'runs-monitor']
[2025-07-04 16:46:54,418] INFO: [RUN] Executing gspread-analytics...
[2025-07-04 16:46:58,182] ERROR: [FAIL] gspread-analytics failed after 0:00:03.759934
[2025-07-04 16:46:58,182] ERROR:    Error: Traceback (most recent call last):
  File "C:\Users\Eddy\YTM Capital Dropbox\Eddy Winiarz\Trading\COF\Models\Unfinished Models\Eddy\Python Projects\work_supa\historical g spread\g_z.py", line 955, in main
    print("\n\U0001f4ca DETAILED FUNNEL ANALYSIS:")
  File "C:\Users\Eddy\AppData\Local\Programs\Python\Python311\Lib\encodings\cp1252.py", line 19, in encode
    return codecs.charmap_encode(input,self.errors,encoding_table)[0]
           ^^^^^^^^^^^^^^^^^^^^^^^^^^^^^^^^^^^^^^^^^^^^^^^^^^^^^^^
UnicodeEncodeError: 'charmap' codec can't encode character '\U0001f4ca' in position 2: character maps to <undefined>

During handling of the above exception, another exception occurred:

Traceback (most recent call last):
  File "C:\Users\Eddy\YTM Capital Dropbox\Eddy Winiarz\Trading\COF\Models\Unfinished Models\Eddy\Python Projects\work_supa\historical g spread\g_z.py", line 1076, in <module>
    main() 
    ^^^^^^
  File "C:\Users\Eddy\YTM Capital Dropbox\Eddy Winiarz\Trading\COF\Models\Unfinished Models\Eddy\Python Projects\work_supa\historical g spread\g_z.py", line 1044, in main
    print("\u274c Error: {e}")
  File "C:\Users\Eddy\AppData\Local\Programs\Python\Python311\Lib\encodings\cp1252.py", line 19, in encode
    return codecs.charmap_encode(input,self.errors,encoding_table)[0]
           ^^^^^^^^^^^^^^^^^^^^^^^^^^^^^^^^^^^^^^^^^^^^^^^^^^^^^^^
UnicodeEncodeError: 'charmap' codec can't encode character '\u274c' in position 0: character maps to <undefined>

[2025-07-04 16:46:58,183] ERROR: [FAIL] Stage gspread-analytics failed, stopping execution
[2025-07-04 16:46:58,183] INFO: [COMPLETE] PIPELINE ORCHESTRATION COMPLETE
[2025-07-04 16:46:58,183] INFO: [DONE] Pipeline orchestrator shutdown complete
