[2025-06-27 12:50:40,304] INFO: Starting portfolio processing pipeline...
[2025-06-27 12:50:40,304] INFO: Starting portfolio processing pipeline...
[2025-06-27 12:50:40,310] DEBUG: Loaded portfolio processor configuration
[2025-06-27 12:50:40,310] INFO: Raw data path: C:\Users\Eddy\YTM Capital Dropbox\Eddy Winiarz\Trading\COF\Models\Unfinished Models\Eddy\Python Projects\work_supa\portfolio\raw data
[2025-06-27 12:50:40,311] INFO: Output Parquet path: C:\Users\Eddy\YTM Capital Dropbox\Eddy Winiarz\Trading\COF\Models\Unfinished Models\Eddy\Python Projects\work_supa\portfolio\portfolio.parquet
[2025-06-27 12:50:40,311] INFO: State file path: C:\Users\Eddy\YTM Capital Dropbox\Eddy Winiarz\Trading\COF\Models\Unfinished Models\Eddy\Python Projects\work_supa\portfolio\processing_state.json
[2025-06-27 12:50:40,312] DEBUG: Loaded processing state with 3 files
[2025-06-27 12:50:40,312] INFO: Found 3 Excel files in C:\Users\Eddy\YTM Capital Dropbox\Eddy Winiarz\Trading\COF\Models\Unfinished Models\Eddy\Python Projects\work_supa\portfolio\raw data
[2025-06-27 12:50:40,312] DEBUG: Skipping 'Aggies 06.10.25.xlsx' - already processed and unchanged
[2025-06-27 12:50:40,312] DEBUG: Skipping 'Aggies 06.13.25.xlsx' - already processed and unchanged
[2025-06-27 12:50:40,313] DEBUG: Skipping 'Aggies 06.19.25.xlsx' - already processed and unchanged
[2025-06-27 12:50:40,313] INFO: Identified 0 files for processing
[2025-06-27 12:50:40,313] INFO: Found existing Parquet file. Loading for incremental processing...
[2025-06-27 12:50:40,383] INFO: Loaded existing data: 1937 rows, 51 columns
[2025-06-27 12:50:40,389] INFO: DataFrame info after loading from Parquet:
<class 'pandas.core.frame.DataFrame'>
RangeIndex: 1937 entries, 0 to 1936
Data columns (total 51 columns):
 #   Column                         Non-Null Count  Dtype         
---  ------                         --------------  -----         
 0   Date                           1937 non-null   datetime64[ns]
 1   SECURITY                       1937 non-null   object        
 2   SECURITY TYPE                  1937 non-null   object        
 3   MODIFIED DURATION              1937 non-null   float64       
 4   QUANTITY                       1937 non-null   float64       
 5   PRICE                          1937 non-null   float64       
 6   YIELD TO MAT                   1937 non-null   float64       
 7   UNDERLYING SECURITY            1937 non-null   object        
 8   POSITION CR01                  1937 non-null   float64       
 9   VALUE PCT NAV                  1937 non-null   float64       
 10  POSITION PVBP                  1937 non-null   float64       
 11  ACCOUNT                        1937 non-null   object        
 12  PORTFOLIO                      1937 non-null   object        
 13  MATURITY DATE                  1937 non-null   datetime64[ns]
 14  UNDERLYING CUSIP               1913 non-null   object        
 15  VALUE                          1937 non-null   float64       
 16  TRADE GROUP                    1910 non-null   object        
 17  STRATEGY                       1913 non-null   object        
 18  CURRENCY                       1937 non-null   object        
 19  COMPANY SYMBOL                 1937 non-null   object        
 20  CUSIP                          1937 non-null   object        
 21  ISIN                           1849 non-null   object        
 22  MATURITY BUCKET                1899 non-null   object        
 23  COUPON                         1937 non-null   float64       
 24  SECURITY PVBP                  1937 non-null   float64       
 25  SECURITY CR01                  1937 non-null   float64       
 26  CREDIT RATING                  1907 non-null   object        
 27  SECURITY CLASSIFICATION        818 non-null    object        
 28  UNDERLYING ISIN                1892 non-null   object        
 29  BENCHMARK MATURITY DATE        1937 non-null   datetime64[ns]
 30  PCT OF OUTSTANDING             1937 non-null   float64       
 31  FACE VALUE OUTSTANDING         1937 non-null   float64       
 32  CDS Adj Size (Calc)            1937 non-null   float64       
 33  Yield                          1937 non-null   float64       
 34  Yield CAD Fee Included         1927 non-null   float64       
 35  Fuding Status                  1937 non-null   object        
 36  TradeGroup Fixed               1937 non-null   object        
 37  Benchmark Yield                1102 non-null   float64       
 38  Benchmark Yield Including Fee  1102 non-null   float64       
 39  Sprd Calculated                1108 non-null   float64       
 40  Sprd Funding Adjusted          1108 non-null   float64       
 41  OAS (Bloomberg)                1108 non-null   float64       
 42  OAS Fund Adj(Bloomberg)        1108 non-null   float64       
 43  Yrs Calc                       1937 non-null   float64       
 44  Duration Calc                  1937 non-null   float64       
 45  OAD Calc                       1937 non-null   float64       
 46  Yrs Calc (Corps)               1064 non-null   float64       
 47  Yrs Calc (Corps + CDX)         1070 non-null   float64       
 48  Duration Calc (Corps)          1064 non-null   float64       
 49  Duration Calc (Corps + CDX)    1070 non-null   float64       
 50  Funding Cost                   1927 non-null   float64       
dtypes: datetime64[ns](3), float64(30), object(18)
memory usage: 771.9+ KB

[2025-06-27 12:50:40,392] INFO: No new or modified files to process. The Parquet file is up-to-date.
[2025-06-27 12:50:40,392] INFO: Portfolio processing pipeline finished successfully.
[2025-06-27 12:50:40,438] INFO: Exported processed data to CSV at 'C:\Users\Eddy\YTM Capital Dropbox\Eddy Winiarz\Trading\COF\Models\Unfinished Models\Eddy\Python Projects\work_supa\portfolio\processed data\portfolio.csv'.
[2025-06-27 12:50:40,439] INFO: Analysis: Found 0 rows with blank CUSIP out of 1937 total rows
[2025-06-27 12:50:48,024] INFO: Starting portfolio processing pipeline...
[2025-06-27 12:50:48,024] INFO: Starting portfolio processing pipeline...
[2025-06-27 12:50:48,030] DEBUG: Loaded portfolio processor configuration
[2025-06-27 12:50:48,030] INFO: Raw data path: C:\Users\Eddy\YTM Capital Dropbox\Eddy Winiarz\Trading\COF\Models\Unfinished Models\Eddy\Python Projects\work_supa\portfolio\raw data
[2025-06-27 12:50:48,031] INFO: Output Parquet path: C:\Users\Eddy\YTM Capital Dropbox\Eddy Winiarz\Trading\COF\Models\Unfinished Models\Eddy\Python Projects\work_supa\portfolio\portfolio.parquet
[2025-06-27 12:50:48,031] INFO: State file path: C:\Users\Eddy\YTM Capital Dropbox\Eddy Winiarz\Trading\COF\Models\Unfinished Models\Eddy\Python Projects\work_supa\portfolio\processing_state.json
[2025-06-27 12:50:48,032] DEBUG: Loaded processing state with 3 files
[2025-06-27 12:50:48,032] INFO: Found 3 Excel files in C:\Users\Eddy\YTM Capital Dropbox\Eddy Winiarz\Trading\COF\Models\Unfinished Models\Eddy\Python Projects\work_supa\portfolio\raw data
[2025-06-27 12:50:48,033] DEBUG: Skipping 'Aggies 06.10.25.xlsx' - already processed and unchanged
[2025-06-27 12:50:48,033] DEBUG: Skipping 'Aggies 06.13.25.xlsx' - already processed and unchanged
[2025-06-27 12:50:48,033] DEBUG: Skipping 'Aggies 06.19.25.xlsx' - already processed and unchanged
[2025-06-27 12:50:48,034] INFO: Identified 0 files for processing
[2025-06-27 12:50:48,034] INFO: Found existing Parquet file. Loading for incremental processing...
[2025-06-27 12:50:48,110] INFO: Loaded existing data: 1937 rows, 51 columns
[2025-06-27 12:50:48,117] INFO: DataFrame info after loading from Parquet:
<class 'pandas.core.frame.DataFrame'>
RangeIndex: 1937 entries, 0 to 1936
Data columns (total 51 columns):
 #   Column                         Non-Null Count  Dtype         
---  ------                         --------------  -----         
 0   Date                           1937 non-null   datetime64[ns]
 1   SECURITY                       1937 non-null   object        
 2   SECURITY TYPE                  1937 non-null   object        
 3   MODIFIED DURATION              1937 non-null   float64       
 4   QUANTITY                       1937 non-null   float64       
 5   PRICE                          1937 non-null   float64       
 6   YIELD TO MAT                   1937 non-null   float64       
 7   UNDERLYING SECURITY            1937 non-null   object        
 8   POSITION CR01                  1937 non-null   float64       
 9   VALUE PCT NAV                  1937 non-null   float64       
 10  POSITION PVBP                  1937 non-null   float64       
 11  ACCOUNT                        1937 non-null   object        
 12  PORTFOLIO                      1937 non-null   object        
 13  MATURITY DATE                  1937 non-null   datetime64[ns]
 14  UNDERLYING CUSIP               1913 non-null   object        
 15  VALUE                          1937 non-null   float64       
 16  TRADE GROUP                    1910 non-null   object        
 17  STRATEGY                       1913 non-null   object        
 18  CURRENCY                       1937 non-null   object        
 19  COMPANY SYMBOL                 1937 non-null   object        
 20  CUSIP                          1937 non-null   object        
 21  ISIN                           1849 non-null   object        
 22  MATURITY BUCKET                1899 non-null   object        
 23  COUPON                         1937 non-null   float64       
 24  SECURITY PVBP                  1937 non-null   float64       
 25  SECURITY CR01                  1937 non-null   float64       
 26  CREDIT RATING                  1907 non-null   object        
 27  SECURITY CLASSIFICATION        818 non-null    object        
 28  UNDERLYING ISIN                1892 non-null   object        
 29  BENCHMARK MATURITY DATE        1937 non-null   datetime64[ns]
 30  PCT OF OUTSTANDING             1937 non-null   float64       
 31  FACE VALUE OUTSTANDING         1937 non-null   float64       
 32  CDS Adj Size (Calc)            1937 non-null   float64       
 33  Yield                          1937 non-null   float64       
 34  Yield CAD Fee Included         1927 non-null   float64       
 35  Fuding Status                  1937 non-null   object        
 36  TradeGroup Fixed               1937 non-null   object        
 37  Benchmark Yield                1102 non-null   float64       
 38  Benchmark Yield Including Fee  1102 non-null   float64       
 39  Sprd Calculated                1108 non-null   float64       
 40  Sprd Funding Adjusted          1108 non-null   float64       
 41  OAS (Bloomberg)                1108 non-null   float64       
 42  OAS Fund Adj(Bloomberg)        1108 non-null   float64       
 43  Yrs Calc                       1937 non-null   float64       
 44  Duration Calc                  1937 non-null   float64       
 45  OAD Calc                       1937 non-null   float64       
 46  Yrs Calc (Corps)               1064 non-null   float64       
 47  Yrs Calc (Corps + CDX)         1070 non-null   float64       
 48  Duration Calc (Corps)          1064 non-null   float64       
 49  Duration Calc (Corps + CDX)    1070 non-null   float64       
 50  Funding Cost                   1927 non-null   float64       
dtypes: datetime64[ns](3), float64(30), object(18)
memory usage: 771.9+ KB

[2025-06-27 12:50:48,121] INFO: No new or modified files to process. The Parquet file is up-to-date.
[2025-06-27 12:50:48,121] INFO: Portfolio processing pipeline finished successfully.
[2025-06-27 12:50:48,171] INFO: Exported processed data to CSV at 'C:\Users\Eddy\YTM Capital Dropbox\Eddy Winiarz\Trading\COF\Models\Unfinished Models\Eddy\Python Projects\work_supa\portfolio\processed data\portfolio.csv'.
[2025-06-27 12:50:48,171] INFO: Analysis: Found 0 rows with blank CUSIP out of 1937 total rows
[2025-06-27 12:51:27,847] INFO: Starting portfolio processing pipeline...
[2025-06-27 12:51:27,848] INFO: Starting portfolio processing pipeline...
[2025-06-27 12:51:27,853] DEBUG: Loaded portfolio processor configuration
[2025-06-27 12:51:27,853] INFO: Raw data path: c:\Users\Eddy\YTM Capital Dropbox\Eddy Winiarz\Trading\COF\Models\Unfinished Models\Eddy\Python Projects\work_supa\portfolio\raw data
[2025-06-27 12:51:27,854] INFO: Output Parquet path: c:\Users\Eddy\YTM Capital Dropbox\Eddy Winiarz\Trading\COF\Models\Unfinished Models\Eddy\Python Projects\work_supa\portfolio\portfolio.parquet
[2025-06-27 12:51:27,854] INFO: State file path: c:\Users\Eddy\YTM Capital Dropbox\Eddy Winiarz\Trading\COF\Models\Unfinished Models\Eddy\Python Projects\work_supa\portfolio\processing_state.json
[2025-06-27 12:51:27,854] DEBUG: Loaded processing state with 3 files
[2025-06-27 12:51:27,855] INFO: Found 3 Excel files in c:\Users\Eddy\YTM Capital Dropbox\Eddy Winiarz\Trading\COF\Models\Unfinished Models\Eddy\Python Projects\work_supa\portfolio\raw data
[2025-06-27 12:51:27,855] DEBUG: Skipping 'Aggies 06.10.25.xlsx' - already processed and unchanged
[2025-06-27 12:51:27,855] DEBUG: Skipping 'Aggies 06.13.25.xlsx' - already processed and unchanged
[2025-06-27 12:51:27,856] DEBUG: Skipping 'Aggies 06.19.25.xlsx' - already processed and unchanged
[2025-06-27 12:51:27,856] INFO: Identified 0 files for processing
[2025-06-27 12:51:27,856] INFO: Found existing Parquet file. Loading for incremental processing...
[2025-06-27 12:51:27,925] INFO: Loaded existing data: 1937 rows, 51 columns
[2025-06-27 12:51:27,931] INFO: DataFrame info after loading from Parquet:
<class 'pandas.core.frame.DataFrame'>
RangeIndex: 1937 entries, 0 to 1936
Data columns (total 51 columns):
 #   Column                         Non-Null Count  Dtype         
---  ------                         --------------  -----         
 0   Date                           1937 non-null   datetime64[ns]
 1   SECURITY                       1937 non-null   object        
 2   SECURITY TYPE                  1937 non-null   object        
 3   MODIFIED DURATION              1937 non-null   float64       
 4   QUANTITY                       1937 non-null   float64       
 5   PRICE                          1937 non-null   float64       
 6   YIELD TO MAT                   1937 non-null   float64       
 7   UNDERLYING SECURITY            1937 non-null   object        
 8   POSITION CR01                  1937 non-null   float64       
 9   VALUE PCT NAV                  1937 non-null   float64       
 10  POSITION PVBP                  1937 non-null   float64       
 11  ACCOUNT                        1937 non-null   object        
 12  PORTFOLIO                      1937 non-null   object        
 13  MATURITY DATE                  1937 non-null   datetime64[ns]
 14  UNDERLYING CUSIP               1913 non-null   object        
 15  VALUE                          1937 non-null   float64       
 16  TRADE GROUP                    1910 non-null   object        
 17  STRATEGY                       1913 non-null   object        
 18  CURRENCY                       1937 non-null   object        
 19  COMPANY SYMBOL                 1937 non-null   object        
 20  CUSIP                          1937 non-null   object        
 21  ISIN                           1849 non-null   object        
 22  MATURITY BUCKET                1899 non-null   object        
 23  COUPON                         1937 non-null   float64       
 24  SECURITY PVBP                  1937 non-null   float64       
 25  SECURITY CR01                  1937 non-null   float64       
 26  CREDIT RATING                  1907 non-null   object        
 27  SECURITY CLASSIFICATION        818 non-null    object        
 28  UNDERLYING ISIN                1892 non-null   object        
 29  BENCHMARK MATURITY DATE        1937 non-null   datetime64[ns]
 30  PCT OF OUTSTANDING             1937 non-null   float64       
 31  FACE VALUE OUTSTANDING         1937 non-null   float64       
 32  CDS Adj Size (Calc)            1937 non-null   float64       
 33  Yield                          1937 non-null   float64       
 34  Yield CAD Fee Included         1927 non-null   float64       
 35  Fuding Status                  1937 non-null   object        
 36  TradeGroup Fixed               1937 non-null   object        
 37  Benchmark Yield                1102 non-null   float64       
 38  Benchmark Yield Including Fee  1102 non-null   float64       
 39  Sprd Calculated                1108 non-null   float64       
 40  Sprd Funding Adjusted          1108 non-null   float64       
 41  OAS (Bloomberg)                1108 non-null   float64       
 42  OAS Fund Adj(Bloomberg)        1108 non-null   float64       
 43  Yrs Calc                       1937 non-null   float64       
 44  Duration Calc                  1937 non-null   float64       
 45  OAD Calc                       1937 non-null   float64       
 46  Yrs Calc (Corps)               1064 non-null   float64       
 47  Yrs Calc (Corps + CDX)         1070 non-null   float64       
 48  Duration Calc (Corps)          1064 non-null   float64       
 49  Duration Calc (Corps + CDX)    1070 non-null   float64       
 50  Funding Cost                   1927 non-null   float64       
dtypes: datetime64[ns](3), float64(30), object(18)
memory usage: 771.9+ KB

[2025-06-27 12:51:27,935] INFO: No new or modified files to process. The Parquet file is up-to-date.
[2025-06-27 12:51:27,936] INFO: Portfolio processing pipeline finished successfully.
[2025-06-27 12:51:27,970] INFO: Exported processed data to CSV at 'c:\Users\Eddy\YTM Capital Dropbox\Eddy Winiarz\Trading\COF\Models\Unfinished Models\Eddy\Python Projects\work_supa\portfolio\processed data\portfolio.csv'.
[2025-06-27 12:51:27,970] INFO: Analysis: Found 0 rows with blank CUSIP out of 1937 total rows
