[2025-06-28 20:45:43,244] INFO: ================================================================================
[2025-06-28 20:45:43,244] INFO: Starting schema-aware upload
[2025-06-28 20:45:43,244] INFO: ================================================================================
[2025-06-28 20:45:43,245] INFO: 
============================================================
[2025-06-28 20:45:43,245] INFO: Processing universe table
[2025-06-28 20:45:43,246] INFO: ============================================================
[2025-06-28 20:45:43,332] INFO: Loaded 32223 rows from universe/universe.parquet
[2025-06-28 20:45:43,414] INFO: Fixed data types
[2025-06-28 20:45:43,433] INFO: Mapped 4 columns
[2025-06-28 20:45:43,727] INFO: Database has 1 columns: date
[2025-06-28 20:45:43,728] INFO: Found 0 matching columns: 
[2025-06-28 20:45:43,728] ERROR: Missing critical columns: ['cusip']
[2025-06-28 20:45:43,728] INFO: 
============================================================
[2025-06-28 20:45:43,728] INFO: Processing runs table
[2025-06-28 20:45:43,729] INFO: ============================================================
[2025-06-28 20:45:43,868] INFO: Loaded 323502 rows from runs/combined_runs.parquet
[2025-06-28 20:45:44,109] INFO: Fixed data types
[2025-06-28 20:45:44,198] INFO: Mapped 23 columns
[2025-06-28 20:45:44,331] INFO: Database has 1 columns: date
[2025-06-28 20:45:44,331] INFO: Found 1 matching columns: date
[2025-06-28 20:45:44,331] ERROR: Missing critical columns: ['cusip', 'dealer']
[2025-06-28 20:45:44,332] INFO: 
============================================================
[2025-06-28 20:45:44,332] INFO: Processing portfolio table
[2025-06-28 20:45:44,332] INFO: ============================================================
[2025-06-28 20:45:44,352] INFO: Loaded 1937 rows from portfolio/portfolio.parquet
[2025-06-28 20:45:44,366] INFO: Fixed data types
[2025-06-28 20:45:44,368] INFO: Mapped 31 columns
[2025-06-28 20:45:44,443] INFO: Database has 1 columns: date
[2025-06-28 20:45:44,444] INFO: Found 1 matching columns: date
[2025-06-28 20:45:44,444] ERROR: Missing critical columns: ['account', 'cusip']
[2025-06-28 20:45:44,444] INFO: 
================================================================================
[2025-06-28 20:45:44,444] INFO: UPLOAD SUMMARY
[2025-06-28 20:45:44,445] INFO: ================================================================================
[2025-06-28 20:45:44,445] INFO: universe: ERROR - Missing critical columns: ['cusip']
[2025-06-28 20:45:44,445] INFO: runs: ERROR - Missing critical columns: ['cusip', 'dealer']
[2025-06-28 20:45:44,445] INFO: portfolio: ERROR - Missing critical columns: ['account', 'cusip']
[2025-06-28 20:45:44,445] INFO: 
================================================================================
[2025-06-28 20:45:44,445] INFO: VERIFYING FINAL DATABASE COUNTS
[2025-06-28 20:45:44,446] INFO: ================================================================================
[2025-06-28 20:45:44,483] INFO: universe: 0 rows in database
[2025-06-28 20:45:44,528] INFO: portfolio: 0 rows in database
[2025-06-28 20:45:44,604] INFO: runs: 0 rows in database
[2025-06-28 20:45:45,633] INFO: g_spread: 2,130,523 rows in database
[2025-06-28 20:45:45,634] INFO: 
Upload process completed!
[2025-06-28 20:46:04,342] INFO: ================================================================================
[2025-06-28 20:46:04,343] INFO: Starting schema-aware upload
[2025-06-28 20:46:04,343] INFO: ================================================================================
[2025-06-28 20:46:04,343] INFO: 
============================================================
[2025-06-28 20:46:04,344] INFO: Processing universe table
[2025-06-28 20:46:04,344] INFO: ============================================================
[2025-06-28 20:46:04,425] INFO: Loaded 32223 rows from universe/universe.parquet
[2025-06-28 20:46:04,501] INFO: Fixed data types
[2025-06-28 20:46:04,521] INFO: Mapped 4 columns
[2025-06-28 20:46:04,643] INFO: Database has 1 columns: date
[2025-06-28 20:46:04,644] INFO: Found 0 matching columns: 
[2025-06-28 20:46:04,645] ERROR: Missing critical columns: ['cusip']
[2025-06-28 20:46:04,645] INFO: 
============================================================
[2025-06-28 20:46:04,645] INFO: Processing runs table
[2025-06-28 20:46:04,646] INFO: ============================================================
[2025-06-28 20:46:04,799] INFO: Loaded 323502 rows from runs/combined_runs.parquet
[2025-06-28 20:46:05,039] INFO: Fixed data types
[2025-06-28 20:46:05,128] INFO: Mapped 23 columns
[2025-06-28 20:46:05,204] INFO: Database has 1 columns: date
[2025-06-28 20:46:05,205] INFO: Found 1 matching columns: date
[2025-06-28 20:46:05,205] ERROR: Missing critical columns: ['cusip', 'dealer']
[2025-06-28 20:46:05,206] INFO: 
============================================================
[2025-06-28 20:46:05,206] INFO: Processing portfolio table
[2025-06-28 20:46:05,207] INFO: ============================================================
[2025-06-28 20:46:05,234] INFO: Loaded 1937 rows from portfolio/portfolio.parquet
[2025-06-28 20:46:05,248] INFO: Fixed data types
[2025-06-28 20:46:05,250] INFO: Mapped 31 columns
[2025-06-28 20:46:05,344] INFO: Database has 1 columns: date
[2025-06-28 20:46:05,346] INFO: Found 1 matching columns: date
[2025-06-28 20:46:05,347] ERROR: Missing critical columns: ['account', 'cusip']
[2025-06-28 20:46:05,349] INFO: 
================================================================================
[2025-06-28 20:46:05,349] INFO: UPLOAD SUMMARY
[2025-06-28 20:46:05,350] INFO: ================================================================================
[2025-06-28 20:46:05,351] INFO: universe: ERROR - Missing critical columns: ['cusip']
[2025-06-28 20:46:05,352] INFO: runs: ERROR - Missing critical columns: ['cusip', 'dealer']
[2025-06-28 20:46:05,354] INFO: portfolio: ERROR - Missing critical columns: ['account', 'cusip']
[2025-06-28 20:46:05,355] INFO: 
================================================================================
[2025-06-28 20:46:05,356] INFO: VERIFYING FINAL DATABASE COUNTS
[2025-06-28 20:46:05,357] INFO: ================================================================================
[2025-06-28 20:46:05,410] INFO: universe: 0 rows in database
[2025-06-28 20:46:05,479] INFO: portfolio: 0 rows in database
[2025-06-28 20:46:05,520] INFO: runs: 0 rows in database
[2025-06-28 20:46:05,937] INFO: g_spread: 2,130,523 rows in database
[2025-06-28 20:46:05,938] INFO: 
Upload process completed!
