[2025-06-28 20:18:53,727] INFO: ================================================================================
[2025-06-28 20:18:53,727] INFO: Starting Parquet to Supabase upload
[2025-06-28 20:18:53,728] INFO: ================================================================================
[2025-06-28 20:18:53,740] INFO: 
============================================================
[2025-06-28 20:18:53,741] INFO: Processing table: runs
[2025-06-28 20:18:53,741] INFO: Parquet file: runs/combined_runs.parquet
[2025-06-28 20:18:53,741] INFO: ============================================================
[2025-06-28 20:18:53,741] INFO: Reading Parquet file...
[2025-06-28 20:18:53,949] INFO: Loaded 323502 rows from Parquet
[2025-06-28 20:18:53,949] INFO: Columns in Parquet: ['Reference Security', 'Date', 'Time', 'Bid Workout Risk', 'Ticker', 'Dealer', 'Source', 'Security', 'Bid Price', 'Ask Price']...
[2025-06-28 20:18:54,085] INFO: Connected to Supabase at https://frqnggeoptaoosxkozsl.supabase.co
[2025-06-28 20:18:54,085] INFO: Checking PRIMARY KEY constraint on table...
[2025-06-28 20:18:54,221] INFO: HTTP Request: DELETE https://frqnggeoptaoosxkozsl.supabase.co/rest/v1/runs?CUSIP=eq.TEST123 "HTTP/2 400 Bad Request"
[2025-06-28 20:18:54,222] WARNING: Could not test for PRIMARY KEY constraint: {'message': 'column runs.CUSIP does not exist', 'code': '42703', 'hint': None, 'details': None}
[2025-06-28 20:18:54,223] INFO: 🔧 PRIMARY KEY constraint missing, creating it...
[2025-06-28 20:18:54,223] INFO: Creating PRIMARY KEY constraint with SQL: ALTER TABLE public.runs 
            ADD CONSTRAINT runs_pkey 
            PRIMARY KEY ("Date", "CUSIP", "Dealer");
[2025-06-28 20:18:54,256] INFO: HTTP Request: POST https://frqnggeoptaoosxkozsl.supabase.co/rest/v1/rpc/query "HTTP/2 404 Not Found"
[2025-06-28 20:18:54,304] INFO: HTTP Request: POST https://frqnggeoptaoosxkozsl.supabase.co/rest/v1/rpc/execute_ddl "HTTP/2 404 Not Found"
[2025-06-28 20:18:54,319] WARNING: ⚠️  Automatic constraint creation failed
[2025-06-28 20:18:54,319] WARNING: 📋 Manual action required:
[2025-06-28 20:18:54,319] WARNING:    1. Go to Supabase SQL Editor
[2025-06-28 20:18:54,319] WARNING:    2. Execute this SQL:
[2025-06-28 20:18:54,320] WARNING:       ALTER TABLE public.runs 
            ADD CONSTRAINT runs_pkey 
            PRIMARY KEY ("Date", "CUSIP", "Dealer");
[2025-06-28 20:18:54,320] WARNING:    3. Re-run the pipeline
[2025-06-28 20:18:54,321] WARNING: 💡 Until then, pipeline will use INSERT with duplicate risk
[2025-06-28 20:18:54,321] INFO: Starting upload to Supabase table 'runs'...
[2025-06-28 20:18:54,321] INFO: Starting Supabase upload process
[2025-06-28 20:18:54,321] INFO: Preparing data for Supabase upload
[2025-06-28 20:18:55,495] WARNING: [SCHEMA] Exception fetching schema for runs: 'SupabaseProcessor' object has no attribute '_fetch_schema_from_api'. Using fallback schema.
[2025-06-28 20:18:55,514] INFO: [SCHEMA] Mapping log: ['[MAP] date <- Date', '[MAP] cusip <- CUSIP', '[MAP] dealer <- Dealer', '[MAP] security <- Security', '[MAP] reference_security <- Reference Security', '[MAP] trade_type <- Subject', '[MAP] quantity <- Ask Size', '[MAP] price <- Ask Price', '[MAP] yield_value <- Ask Yield to Convention', '[MAP] spread <- Ask Interpolated Spread to Government', '[MAP] duration <- Bid Workout Risk', '[MAP] dv01 <- Ask Discount Margin', '[DEFAULT] settlement_date <- None', '[MAP] trade_date <- Date', '[MAP] benchmark <- Reference Benchmark', '[DEFAULT] maturity_date <- None', '[DEFAULT] created_at <- NOW().isoformat()']
[2025-06-28 20:18:55,580] INFO: Data preparation complete. Shape: (323502, 17)
[2025-06-28 20:18:55,581] INFO: Validating schema compatibility with Supabase
[2025-06-28 20:18:55,581] WARNING: [SCHEMA] Exception fetching schema for runs: 'SupabaseProcessor' object has no attribute '_fetch_schema_from_api'. Using fallback schema.
[2025-06-28 20:18:55,581] INFO: Schema validation passed
[2025-06-28 20:18:55,582] INFO: Uploading 323502 rows in batches of 1000
[2025-06-28 20:18:55,590] INFO: Uploading batch 1-1000 of 323502
[2025-06-28 20:18:55,626] INFO: HTTP Request: GET https://frqnggeoptaoosxkozsl.supabase.co/rest/v1/runs?select=%2A&limit=1 "HTTP/2 200 OK"
[2025-06-28 20:18:55,628] INFO: 🚀 Table is empty - using fast bulk INSERT strategy
[2025-06-28 20:18:55,723] INFO: HTTP Request: POST https://frqnggeoptaoosxkozsl.supabase.co/rest/v1/runs?columns=%22trade_date%22%2C%22quantity%22%2C%22dealer%22%2C%22dv01%22%2C%22benchmark%22%2C%22yield_value%22%2C%22maturity_date%22%2C%22cusip%22%2C%22settlement_date%22%2C%22trade_type%22%2C%22security%22%2C%22reference_security%22%2C%22duration%22%2C%22spread%22%2C%22created_at%22%2C%22date%22%2C%22price%22 "HTTP/2 409 Conflict"
[2025-06-28 20:18:55,724] ERROR: Fast bulk insert failed: {'message': 'insert or update on table "runs" violates foreign key constraint "runs_cusip_fkey"', 'code': '23503', 'hint': None, 'details': 'Key (cusip)=(00206RDW9) is not present in table "universe".'}
[2025-06-28 20:18:55,725] INFO: Processing Statistics:
[2025-06-28 20:18:55,725] INFO:   Files processed: 0
[2025-06-28 20:18:55,725] INFO:   Rows processed: 323502
[2025-06-28 20:18:55,725] INFO:   Rows loaded: 323502
[2025-06-28 20:18:55,726] INFO:   Rows duplicated: 0
[2025-06-28 20:18:55,726] INFO:   Rows invalid: 0
[2025-06-28 20:18:55,726] INFO:   Processing time: 1.40 seconds
[2025-06-28 20:18:55,726] INFO:   Start time: 2025-06-28 20:18:54.321965
[2025-06-28 20:18:55,726] INFO:   End time: 2025-06-28 20:18:55.725237
[2025-06-28 20:18:55,736] ERROR: ❌ Failed to upload to runs: None
[2025-06-28 20:18:55,736] INFO: 
============================================================
[2025-06-28 20:18:55,736] INFO: Processing table: universe
[2025-06-28 20:18:55,737] INFO: Parquet file: universe/universe.parquet
[2025-06-28 20:18:55,737] INFO: ============================================================
[2025-06-28 20:18:55,737] INFO: Reading Parquet file...
[2025-06-28 20:18:55,776] INFO: Loaded 32223 rows from Parquet
[2025-06-28 20:18:55,776] INFO: Columns in Parquet: ['Date', 'CUSIP', 'Benchmark Cusip', 'Custom_Sector', 'Marketing Sector', 'Notes', 'Bloomberg Cusip', 'Security', 'Benchmark', 'Make_Whole']...
[2025-06-28 20:18:55,784] INFO: Connected to Supabase at https://frqnggeoptaoosxkozsl.supabase.co
[2025-06-28 20:18:55,784] INFO: Checking PRIMARY KEY constraint on table...
[2025-06-28 20:18:55,891] INFO: HTTP Request: DELETE https://frqnggeoptaoosxkozsl.supabase.co/rest/v1/universe?CUSIP=eq.TEST123 "HTTP/2 400 Bad Request"
[2025-06-28 20:18:55,892] WARNING: Could not test for PRIMARY KEY constraint: {'message': 'column universe.CUSIP does not exist', 'code': '42703', 'hint': None, 'details': None}
[2025-06-28 20:18:55,892] INFO: 🔧 PRIMARY KEY constraint missing, creating it...
[2025-06-28 20:18:55,892] INFO: Creating PRIMARY KEY constraint with SQL: ALTER TABLE public.universe 
            ADD CONSTRAINT universe_pkey 
            PRIMARY KEY ("Date", "CUSIP", "Dealer");
[2025-06-28 20:18:55,956] INFO: HTTP Request: POST https://frqnggeoptaoosxkozsl.supabase.co/rest/v1/rpc/query "HTTP/2 404 Not Found"
[2025-06-28 20:18:56,022] INFO: HTTP Request: POST https://frqnggeoptaoosxkozsl.supabase.co/rest/v1/rpc/execute_ddl "HTTP/2 404 Not Found"
[2025-06-28 20:18:56,023] WARNING: ⚠️  Automatic constraint creation failed
[2025-06-28 20:18:56,024] WARNING: 📋 Manual action required:
[2025-06-28 20:18:56,024] WARNING:    1. Go to Supabase SQL Editor
[2025-06-28 20:18:56,024] WARNING:    2. Execute this SQL:
[2025-06-28 20:18:56,024] WARNING:       ALTER TABLE public.universe 
            ADD CONSTRAINT universe_pkey 
            PRIMARY KEY ("Date", "CUSIP", "Dealer");
[2025-06-28 20:18:56,024] WARNING:    3. Re-run the pipeline
[2025-06-28 20:18:56,024] WARNING: 💡 Until then, pipeline will use INSERT with duplicate risk
[2025-06-28 20:18:56,024] INFO: Starting upload to Supabase table 'universe'...
[2025-06-28 20:18:56,024] INFO: Starting Supabase upload process
[2025-06-28 20:18:56,025] INFO: Preparing data for Supabase upload
[2025-06-28 20:18:56,093] WARNING: [SCHEMA] Exception fetching schema for universe: 'SupabaseProcessor' object has no attribute '_fetch_schema_from_api'. Using fallback schema.
[2025-06-28 20:18:56,096] INFO: [SCHEMA] Mapping log: ['[MAP] date <- Date', '[MAP] cusip <- CUSIP', '[MAP] security <- Security', '[MAP] benchmark_cusip <- Benchmark Cusip', '[MAP] bloomberg_cusip <- Bloomberg Cusip', '[DEFAULT] isin <- None', '[DEFAULT] security_type <- None', '[MAP] currency <- Currency', '[MAP] maturity_date <- Worst Date', '[MAP] coupon <- CPN TYPE', '[MAP] credit_rating <- Rating', '[DEFAULT] company_symbol <- None', '[MAP] issuer_name <- Notes', '[DEFAULT] benchmark_maturity_date <- None', '[DEFAULT] face_value_outstanding <- NaN', '[DEFAULT] pct_of_outstanding <- NaN', '[DEFAULT] created_at <- NOW().isoformat()', '[DEFAULT] updated_at <- NOW().isoformat()']
[2025-06-28 20:18:56,221] INFO: Data preparation complete. Shape: (32223, 18)
[2025-06-28 20:18:56,221] INFO: Validating schema compatibility with Supabase
[2025-06-28 20:18:56,221] WARNING: [SCHEMA] Exception fetching schema for universe: 'SupabaseProcessor' object has no attribute '_fetch_schema_from_api'. Using fallback schema.
[2025-06-28 20:18:56,221] INFO: Schema validation passed
[2025-06-28 20:18:56,222] INFO: Uploading 32223 rows in batches of 1000
[2025-06-28 20:18:56,230] INFO: Uploading batch 1-1000 of 32223
[2025-06-28 20:18:56,267] INFO: HTTP Request: GET https://frqnggeoptaoosxkozsl.supabase.co/rest/v1/universe?select=%2A&limit=1 "HTTP/2 200 OK"
[2025-06-28 20:18:56,270] INFO: 🚀 Table is empty - using fast bulk INSERT strategy
[2025-06-28 20:18:56,385] INFO: HTTP Request: POST https://frqnggeoptaoosxkozsl.supabase.co/rest/v1/universe?columns=%22credit_rating%22%2C%22benchmark_maturity_date%22%2C%22issuer_name%22%2C%22benchmark_cusip%22%2C%22currency%22%2C%22security_type%22%2C%22cusip%22%2C%22maturity_date%22%2C%22coupon%22%2C%22pct_of_outstanding%22%2C%22company_symbol%22%2C%22security%22%2C%22created_at%22%2C%22bloomberg_cusip%22%2C%22updated_at%22%2C%22face_value_outstanding%22%2C%22date%22%2C%22isin%22 "HTTP/2 400 Bad Request"
[2025-06-28 20:18:56,385] ERROR: Fast bulk insert failed: {'message': 'invalid input syntax for type numeric: "FIXED"', 'code': '22P02', 'hint': None, 'details': None}
[2025-06-28 20:18:56,386] INFO: Processing Statistics:
[2025-06-28 20:18:56,386] INFO:   Files processed: 0
[2025-06-28 20:18:56,386] INFO:   Rows processed: 32223
[2025-06-28 20:18:56,386] INFO:   Rows loaded: 32223
[2025-06-28 20:18:56,387] INFO:   Rows duplicated: 0
[2025-06-28 20:18:56,387] INFO:   Rows invalid: 0
[2025-06-28 20:18:56,387] INFO:   Processing time: 0.36 seconds
[2025-06-28 20:18:56,387] INFO:   Start time: 2025-06-28 20:18:56.024463
[2025-06-28 20:18:56,387] INFO:   End time: 2025-06-28 20:18:56.386990
[2025-06-28 20:18:56,389] ERROR: ❌ Failed to upload to universe: None
[2025-06-28 20:18:56,389] INFO: 
============================================================
[2025-06-28 20:18:56,389] INFO: Processing table: portfolio
[2025-06-28 20:18:56,390] INFO: Parquet file: portfolio/portfolio.parquet
[2025-06-28 20:18:56,390] INFO: ============================================================
[2025-06-28 20:18:56,390] INFO: Reading Parquet file...
[2025-06-28 20:18:56,399] INFO: Loaded 1937 rows from Parquet
[2025-06-28 20:18:56,399] INFO: Columns in Parquet: ['Date', 'SECURITY', 'SECURITY TYPE', 'MODIFIED DURATION', 'QUANTITY', 'PRICE', 'YIELD TO MAT', 'UNDERLYING SECURITY', 'POSITION CR01', 'VALUE PCT NAV']...
[2025-06-28 20:18:56,407] INFO: Connected to Supabase at https://frqnggeoptaoosxkozsl.supabase.co
[2025-06-28 20:18:56,407] INFO: Checking PRIMARY KEY constraint on table...
[2025-06-28 20:18:56,471] INFO: HTTP Request: DELETE https://frqnggeoptaoosxkozsl.supabase.co/rest/v1/portfolio?CUSIP=eq.TEST123 "HTTP/2 400 Bad Request"
[2025-06-28 20:18:56,471] WARNING: Could not test for PRIMARY KEY constraint: {'message': 'column portfolio.CUSIP does not exist', 'code': '42703', 'hint': None, 'details': None}
[2025-06-28 20:18:56,472] INFO: 🔧 PRIMARY KEY constraint missing, creating it...
[2025-06-28 20:18:56,473] INFO: Creating PRIMARY KEY constraint with SQL: ALTER TABLE public.portfolio 
            ADD CONSTRAINT portfolio_pkey 
            PRIMARY KEY ("Date", "CUSIP", "Dealer");
[2025-06-28 20:18:56,527] INFO: HTTP Request: POST https://frqnggeoptaoosxkozsl.supabase.co/rest/v1/rpc/query "HTTP/2 404 Not Found"
[2025-06-28 20:18:56,560] INFO: HTTP Request: POST https://frqnggeoptaoosxkozsl.supabase.co/rest/v1/rpc/execute_ddl "HTTP/2 404 Not Found"
[2025-06-28 20:18:56,561] WARNING: ⚠️  Automatic constraint creation failed
[2025-06-28 20:18:56,561] WARNING: 📋 Manual action required:
[2025-06-28 20:18:56,561] WARNING:    1. Go to Supabase SQL Editor
[2025-06-28 20:18:56,561] WARNING:    2. Execute this SQL:
[2025-06-28 20:18:56,561] WARNING:       ALTER TABLE public.portfolio 
            ADD CONSTRAINT portfolio_pkey 
            PRIMARY KEY ("Date", "CUSIP", "Dealer");
[2025-06-28 20:18:56,562] WARNING:    3. Re-run the pipeline
[2025-06-28 20:18:56,562] WARNING: 💡 Until then, pipeline will use INSERT with duplicate risk
[2025-06-28 20:18:56,562] INFO: Starting upload to Supabase table 'portfolio'...
[2025-06-28 20:18:56,562] INFO: Starting Supabase upload process
[2025-06-28 20:18:56,562] INFO: Preparing data for Supabase upload
[2025-06-28 20:18:56,570] WARNING: [SCHEMA] Exception fetching schema for portfolio: 'SupabaseProcessor' object has no attribute '_fetch_schema_from_api'. Using fallback schema.
[2025-06-28 20:18:56,572] INFO: [SCHEMA] Mapping log: ['[MAP] date <- Date', '[MAP] cusip <- CUSIP', '[MAP] account <- ACCOUNT', '[MAP] portfolio <- PORTFOLIO', '[MAP] security <- SECURITY', '[MAP] security_type <- SECURITY TYPE', '[MAP] underlying_security <- UNDERLYING SECURITY', '[MAP] underlying_cusip <- UNDERLYING CUSIP', '[MAP] quantity <- QUANTITY', '[MAP] face_value <- FACE VALUE OUTSTANDING', '[MAP] price <- PRICE', '[MAP] value_pct_nav <- VALUE PCT NAV', '[MAP] modified_duration <- MODIFIED DURATION', '[MAP] position_cr01 <- POSITION CR01', '[MAP] position_pvbp <- POSITION PVBP', '[MAP] security_pvbp <- SECURITY PVBP', '[MAP] security_cr01 <- SECURITY CR01', '[MAP] yield_to_mat <- YIELD TO MAT', '[MAP] yield_calc <- Yield', '[MAP] benchmark_yield <- Benchmark Yield', '[MAP] oas_bloomberg <- OAS (Bloomberg)', '[MAP] spread_calculated <- Sprd Calculated', '[MAP] maturity_bucket <- MATURITY BUCKET', '[MAP] trade_group <- TradeGroup Fixed', '[MAP] strategy <- STRATEGY', '[MAP] security_classification <- SECURITY CLASSIFICATION', '[MAP] funding_status <- Fuding Status', '[MAP] credit_rating <- CREDIT RATING', '[DEFAULT] underlying_isin <- None', '[DEFAULT] oas_fund_adj_bloomberg <- None', '[DEFAULT] cds_adj_size_calc <- None', '[DEFAULT] yield_cad_fee_included <- None', '[DEFAULT] duration_calc_corps <- None', '[DEFAULT] benchmark_yield_including_fee <- None', '[DEFAULT] duration_calc_corps_cdx <- None', '[DEFAULT] funding_cost <- None', '[DEFAULT] oad_calc <- None', '[DEFAULT] yrs_calc <- None', '[DEFAULT] yrs_calc_corps <- None', '[DEFAULT] tradegroup_fixed <- None', '[DEFAULT] sprd_funding_adjusted <- None', '[DEFAULT] value <- None', '[DEFAULT] currency <- None', '[DEFAULT] company_symbol <- None', '[DEFAULT] notes <- None', '[DEFAULT] created_at <- NOW().isoformat()', '[DEFAULT] updated_at <- NOW().isoformat()']
[2025-06-28 20:18:56,575] INFO: Data preparation complete. Shape: (1937, 47)
[2025-06-28 20:18:56,575] INFO: Validating schema compatibility with Supabase
[2025-06-28 20:18:56,575] WARNING: [SCHEMA] Exception fetching schema for portfolio: 'SupabaseProcessor' object has no attribute '_fetch_schema_from_api'. Using fallback schema.
[2025-06-28 20:18:56,575] INFO: Schema validation passed
[2025-06-28 20:18:56,576] INFO: Uploading 1937 rows in batches of 1000
[2025-06-28 20:18:56,596] INFO: Uploading batch 1-1000 of 1937
[2025-06-28 20:18:56,645] INFO: HTTP Request: GET https://frqnggeoptaoosxkozsl.supabase.co/rest/v1/portfolio?select=%2A&limit=1 "HTTP/2 200 OK"
[2025-06-28 20:18:56,647] INFO: 🚀 Table is empty - using fast bulk INSERT strategy
[2025-06-28 20:18:57,410] INFO: HTTP Request: POST https://frqnggeoptaoosxkozsl.supabase.co/rest/v1/portfolio?columns=%22security_classification%22%2C%22funding_status%22%2C%22credit_rating%22%2C%22notes%22%2C%22account%22%2C%22security_type%22%2C%22underlying_security%22%2C%22oas_bloomberg%22%2C%22oas_fund_adj_bloomberg%22%2C%22underlying_cusip%22%2C%22benchmark_yield_including_fee%22%2C%22security_cr01%22%2C%22maturity_bucket%22%2C%22oad_calc%22%2C%22updated_at%22%2C%22position_pvbp%22%2C%22date%22%2C%22yield_cad_fee_included%22%2C%22portfolio%22%2C%22funding_cost%22%2C%22duration_calc_corps%22%2C%22currency%22%2C%22security%22%2C%22yield_calc%22%2C%22value_pct_nav%22%2C%22trade_group%22%2C%22cds_adj_size_calc%22%2C%22security_pvbp%22%2C%22yrs_calc_corps%22%2C%22face_value%22%2C%22duration_calc_corps_cdx%22%2C%22cusip%22%2C%22yrs_calc%22%2C%22value%22%2C%22company_symbol%22%2C%22tradegroup_fixed%22%2C%22quantity%22%2C%22benchmark_yield%22%2C%22modified_duration%22%2C%22sprd_funding_adjusted%22%2C%22underlying_isin%22%2C%22position_cr01%22%2C%22spread_calculated%22%2C%22created_at%22%2C%22yield_to_mat%22%2C%22strategy%22%2C%22price%22 "HTTP/2 400 Bad Request"
[2025-06-28 20:18:57,411] ERROR: Fast bulk insert failed: {'message': "Could not find the 'benchmark_yield_including_fee' column of 'portfolio' in the schema cache", 'code': 'PGRST204', 'hint': None, 'details': None}
[2025-06-28 20:18:57,412] INFO: Processing Statistics:
[2025-06-28 20:18:57,413] INFO:   Files processed: 0
[2025-06-28 20:18:57,413] INFO:   Rows processed: 1937
[2025-06-28 20:18:57,413] INFO:   Rows loaded: 1937
[2025-06-28 20:18:57,413] INFO:   Rows duplicated: 0
[2025-06-28 20:18:57,413] INFO:   Rows invalid: 0
[2025-06-28 20:18:57,414] INFO:   Processing time: 0.85 seconds
[2025-06-28 20:18:57,414] INFO:   Start time: 2025-06-28 20:18:56.562305
[2025-06-28 20:18:57,414] INFO:   End time: 2025-06-28 20:18:57.412850
[2025-06-28 20:18:57,414] ERROR: ❌ Failed to upload to portfolio: None
[2025-06-28 20:18:57,414] INFO: 
============================================================
[2025-06-28 20:18:57,415] INFO: Processing table: g_spread
[2025-06-28 20:18:57,415] INFO: Parquet file: historical g spread/bond_g_sprd_time_series.parquet
[2025-06-28 20:18:57,415] INFO: ============================================================
[2025-06-28 20:18:57,415] INFO: Reading Parquet file...
[2025-06-28 20:18:57,546] INFO: Loaded 1462 rows from Parquet
[2025-06-28 20:18:57,546] INFO: Columns in Parquet: ['DATE', 'T 5.45 03/01/47', 'T 4.85 05/25/47', 'T 4 11/25/25', 'T 5.1 11/25/48', 'T 4.3 02/15/30', 'T 4.35 03/01/29', 'T 2.3 06/01/27', 'T 3.65 06/01/51', 'T 3.3 02/01/52']...
[2025-06-28 20:18:57,555] INFO: Connected to Supabase at https://frqnggeoptaoosxkozsl.supabase.co
[2025-06-28 20:18:57,555] INFO: Checking PRIMARY KEY constraint on table...
[2025-06-28 20:18:57,619] INFO: HTTP Request: DELETE https://frqnggeoptaoosxkozsl.supabase.co/rest/v1/g_spread?CUSIP=eq.TEST123 "HTTP/2 400 Bad Request"
[2025-06-28 20:18:57,619] WARNING: Could not test for PRIMARY KEY constraint: {'message': 'column g_spread.CUSIP does not exist', 'code': '42703', 'hint': None, 'details': None}
[2025-06-28 20:18:57,624] INFO: 🔧 PRIMARY KEY constraint missing, creating it...
[2025-06-28 20:18:57,624] INFO: Creating PRIMARY KEY constraint with SQL: ALTER TABLE public.g_spread 
            ADD CONSTRAINT g_spread_pkey 
            PRIMARY KEY ("Date", "CUSIP", "Dealer");
[2025-06-28 20:18:57,675] INFO: HTTP Request: POST https://frqnggeoptaoosxkozsl.supabase.co/rest/v1/rpc/query "HTTP/2 404 Not Found"
[2025-06-28 20:18:57,710] INFO: HTTP Request: POST https://frqnggeoptaoosxkozsl.supabase.co/rest/v1/rpc/execute_ddl "HTTP/2 404 Not Found"
[2025-06-28 20:18:57,711] WARNING: ⚠️  Automatic constraint creation failed
[2025-06-28 20:18:57,712] WARNING: 📋 Manual action required:
[2025-06-28 20:18:57,712] WARNING:    1. Go to Supabase SQL Editor
[2025-06-28 20:18:57,712] WARNING:    2. Execute this SQL:
[2025-06-28 20:18:57,713] WARNING:       ALTER TABLE public.g_spread 
            ADD CONSTRAINT g_spread_pkey 
            PRIMARY KEY ("Date", "CUSIP", "Dealer");
[2025-06-28 20:18:57,713] WARNING:    3. Re-run the pipeline
[2025-06-28 20:18:57,713] WARNING: 💡 Until then, pipeline will use INSERT with duplicate risk
[2025-06-28 20:18:57,713] INFO: Starting upload to Supabase table 'g_spread'...
[2025-06-28 20:18:57,714] INFO: Starting Supabase upload process
[2025-06-28 20:18:57,714] INFO: Preparing data for Supabase upload
[2025-06-28 20:18:57,738] WARNING: [SCHEMA] Exception fetching schema for g_spread: 'SupabaseProcessor' object has no attribute '_fetch_schema_from_api'. Using fallback schema.
[2025-06-28 20:18:57,738] ERROR: [SCHEMA] Critical column missing and cannot be derived: security. Aborting upload.
[2025-06-28 20:18:57,738] ERROR: [SCHEMA] Mapping log: ['[MAP] date <- DATE', '[DEFAULT] security <- None', '[DEFAULT] g_spread <- None', '[DEFAULT] spread_change <- NaN', '[DEFAULT] volume <- NaN', '[DEFAULT] price <- NaN', '[DEFAULT] yield_value <- None', '[DEFAULT] duration <- None', '[DEFAULT] credit_rating <- None', '[DEFAULT] maturity_date <- None', '[DEFAULT] created_at <- NOW().isoformat()']
[2025-06-28 20:18:57,759] ERROR: ❌ Failed to upload to g_spread: None
[2025-06-28 20:18:57,760] INFO: 
================================================================================
[2025-06-28 20:18:57,760] INFO: UPLOAD SUMMARY
[2025-06-28 20:18:57,760] INFO: ================================================================================
[2025-06-28 20:18:57,761] INFO: ❌ runs: None
[2025-06-28 20:18:57,761] INFO: ❌ universe: None
[2025-06-28 20:18:57,761] INFO: ❌ portfolio: None
[2025-06-28 20:18:57,761] INFO: ❌ g_spread: None
[2025-06-28 20:18:57,761] INFO: 
⚠️  Some tables failed to upload. Check the logs for details.
